[15:56:36] [ServerMain/INFO]: [PaperBootstrap] Running Java 21 (OpenJDK 64-Bit Server VM 21.0.3+9-LTS; Eclipse Adoptium Temurin-21.0.3+9) on Linux 5.15.0-174-generic (amd64)
[15:56:36] [ServerMain/INFO]: [PaperBootstrap] Loading DivineMC 1.21.11-24-ver/1.21.11@d7f0821 (2026-04-01T12:11:57Z) for Minecraft 1.21.11
[15:56:36] [ServerMain/INFO]: [PaperBootstrap] Running JVM args [-Xms16384M, -Xmx16384M, -Dfml.queryResult=confirm, -XX:+UseG1GC, -XX:+ParallelRefProcEnabled, -XX:MaxGCPauseMillis=200, -XX:+UnlockExperimentalVMOptions, -XX:+DisableExplicitGC, -XX:+AlwaysPreTouch, -XX:G1NewSizePercent=30, -XX:G1MaxNewSizePercent=40, -XX:G1HeapRegionSize=32M, -XX:G1ReservePercent=20, -XX:G1HeapWastePercent=5, -XX:G1MixedGCCountTarget=4, -XX:InitiatingHeapOccupancyPercent=15, -XX:G1MixedGCLiveThresholdPercent=90, -XX:G1RSetUpdatingPauseTimePercent=5, -XX:SurvivorRatio=32, -XX:+PerfDisableSharedMem, -XX:MaxTenuringThreshold=1, -Dfile.encoding=UTF-8, -Dlog4j2.formatMsgNoLookups=true, -Dpaper.disableChannelLimit=true]
[15:56:37] [ServerMain/INFO]: [PluginInitializerManager] Initializing plugins...
[15:56:37] [ServerMain/INFO]: [PluginInitializerManager] Initialized 8 plugins
[15:56:37] [ServerMain/INFO]: [PluginInitializerManager] Paper plugins (2):
 - Crystalblock2 (1.0.0), PurpurExtras (1.37.1)
[15:56:37] [ServerMain/INFO]: [PluginInitializerManager] Bukkit plugins (6):
 - BetterBan (1.2.0), CoreProtect (23.1), GSit (3.3.1), InvSeePlusPlus (0.30.15), VoiceServer (1.3.0), voicechat (2.6.11)
[15:56:45] [ServerMain/INFO]: Environment: Environment[sessionHost=https://sessionserver.mojang.com, servicesHost=https://api.minecraftservices.com, profilesHost=https://api.mojang.com, name=PROD]
[15:56:46] [ServerMain/INFO]: [Crystalblock2] Loaded CustomBootstrapper succesfully!
[15:56:47] [ServerMain/INFO]: Loaded 1470 recipes
[15:56:47] [ServerMain/INFO]: Loaded 1584 advancements
[15:56:47] [ServerMain/INFO]: [ca.spottedleaf.dataconverter.minecraft.datatypes.MCTypeRegistry] Initialising converters for DataConverter...
[15:56:48] [ServerMain/INFO]: [ca.spottedleaf.dataconverter.minecraft.datatypes.MCTypeRegistry] Finished initialising converters for DataConverter in 572.5ms
[15:56:48] [Server thread/INFO]: Starting minecraft server version 1.21.11
[15:56:48] [Server thread/INFO]: Loading properties
[15:56:48] [Server thread/INFO]: [DivineConfig] Loading config...
[15:56:48] [Server thread/WARN]: [DivineConfig] Invalid regionized chunk ticking thread count: 16, resetting to default (4)
[15:56:48] [Server thread/INFO]: [DivineConfig] Using 16 threads for Async Pathfinding
[15:56:48] [Server thread/INFO]: [DivineConfig] Using 16 threads for Async Entity Tracker
[15:56:48] [Server thread/WARN]: [DivineConfig] You have the following experimental features enabled: [Parallel World Ticking, Regionized Chunk Ticking]. Please proceed with caution!
[15:56:48] [Server thread/INFO]: [DivineConfig] Config loaded in 125ms
[15:56:48] [Server thread/INFO]: This server is running DivineMC version 1.21.11-24-ver/1.21.11@d7f0821 (2026-04-01T12:11:57Z) (Implementing API version 1.21.11-R0.1-SNAPSHOT)
[15:56:49] [Server thread/INFO]: [spark] This server bundles the spark profiler. For more information please visit https://docs.papermc.io/paper/profiling
[15:56:49] [Server thread/INFO]: Server Ping Player Sample Count: 12
[15:56:49] [Server thread/INFO]: Using 4 threads for Netty based IO
[15:56:49] [Server thread/INFO]: [MoonriseCommon] DivineMC is using 24 worker threads, 1 I/O threads
[15:56:50] [Server thread/WARN]: SIMD operations are available for your server, but are not configured!
[15:56:50] [Server thread/WARN]: To enable additional optimizations, add "--add-modules=jdk.incubator.vector" to your startup flags, BEFORE the "-jar".
[15:56:50] [Server thread/WARN]: If you have already added this flag, then SIMD operations are not supported on your JVM or CPU.
[15:56:50] [Server thread/WARN]: Debug: Java: 21.0.3, test run: false
[15:56:50] [Server thread/INFO]: Using 30 permits for Parallel world ticking
[15:56:50] [Server thread/INFO]: Default game type: SURVIVAL
[15:56:50] [Server thread/INFO]: Generating keypair
[15:56:50] [Server thread/INFO]: Starting Minecraft server on 194.163.164.32:26585
[15:56:50] [Server thread/INFO]: Paper: Using libdeflate (Linux x86_64) compression from Velocity.
[15:56:50] [Server thread/INFO]: Paper: Using OpenSSL 3.x.x (Linux x86_64) cipher from Velocity.
[15:56:50] [Server thread/WARN]: [org.bukkit.craftbukkit.legacy.CraftLegacy] Initializing Legacy Material Support. Unless you have legacy plugins and/or data this is a bug!
[15:57:01] [Server thread/INFO]: [voicechat] Loading server plugin voicechat v2.6.11
[15:57:01] [Server thread/INFO]: [InvSee++] Loading server plugin InvSeePlusPlus v0.30.15
[15:57:01] [Server thread/INFO]: [GSit] Loading server plugin GSit v3.3.1
[15:57:01] [Server thread/INFO]: [Crystalblock2] Loading server plugin Crystalblock2 v1.0.0
[15:57:01] [Server thread/INFO]: [CoreProtect] Loading server plugin CoreProtect v23.1
[15:57:01] [Server thread/INFO]: [BetterBan] Loading server plugin BetterBan v1.2.0
[15:57:01] [Server thread/INFO]: [VoiceServer] Loading server plugin VoiceServer v1.3.0
[15:57:01] [Server thread/INFO]: [PurpurExtras] Loading server plugin PurpurExtras v1.37.1
[15:57:01] [Server thread/INFO]: Server permissions file permissions.yml is empty, ignoring it
[15:57:01] [Server thread/INFO]: Preparing level "world"
[15:57:02] [Server thread/INFO]: [ca.spottedleaf.moonrise.common.util.MoonriseConstants] NUMA enable flag is not set; however there is NUMA interaction support for this OS.
[15:57:02] [Server thread/INFO]: [ca.spottedleaf.moonrise.common.util.MoonriseConstants] Detected 1 NUMA nodes.
[15:57:02] [Server thread/INFO]: Density function compilation finished in 12.36 ms
[15:57:02] [Server thread/INFO]: Density function compilation finished in 426.2 μs
[15:57:02] [Server thread/INFO]: Density function compilation finished in 193.9 μs
[15:57:02] [Server thread/INFO]: Density function compilation finished in 135.9 μs
[15:57:02] [Server thread/INFO]: Density function compilation finished in 418.0 μs
[15:57:02] [Server thread/INFO]: Density function compilation finished in 249.3 μs
[15:57:02] [Server thread/INFO]: Density function compilation finished in 228.4 μs
[15:57:02] [Server thread/INFO]: Density function compilation finished in 185.5 μs
[15:57:02] [Server thread/INFO]: Density function compilation finished in 180.3 μs
[15:57:03] [Server thread/INFO]: Loading 144 persistent chunks for world 'minecraft:overworld'...
[15:57:03] [Server thread/INFO]: Preparing spawn area: 6%
[15:57:04] [Server thread/INFO]: Prepared spawn area in 1325 ms
[15:57:04] [Server thread/INFO]: Loading 25 persistent chunks for world 'crystalblock:bossroom'...
[15:57:04] [Server thread/INFO]: Preparing spawn area: 28%
[15:57:04] [Server thread/INFO]: Prepared spawn area in 42 ms
[15:57:04] [Server thread/INFO]: Loading 25 persistent chunks for world 'crystalblock:nether'...
[15:57:04] [Server thread/INFO]: Preparing spawn area: 28%
[15:57:04] [Server thread/INFO]: Prepared spawn area in 228 ms
[15:57:04] [Server thread/INFO]: Loading 25 persistent chunks for world 'crystalblock:sky'...
[15:57:04] [Server thread/INFO]: Preparing spawn area: 28%
[15:57:04] [Server thread/INFO]: Prepared spawn area in 338 ms
[15:57:04] [Server thread/INFO]: Loading 0 persistent chunks for world 'preset:preset'...
[15:57:04] [Server thread/INFO]: Prepared spawn area in 0 ms
[15:57:05] [Server thread/INFO]: Loading 115 persistent chunks for world 'crystalblock:aetheria'...
[15:57:05] [Server thread/INFO]: Preparing spawn area: 8%
[15:57:05] [Server thread/INFO]: Prepared spawn area in 129 ms
[15:57:05] [Server thread/INFO]: Loading 25 persistent chunks for world 'crystalblock:stone'...
[15:57:05] [Server thread/INFO]: Preparing spawn area: 28%
[15:57:05] [Server thread/INFO]: Prepared spawn area in 49 ms
[15:57:05] [Server thread/INFO]: Loading 25 persistent chunks for world 'crystalblock:void'...
[15:57:05] [Server thread/INFO]: Preparing spawn area: 28%
[15:57:05] [Server thread/INFO]: Prepared spawn area in 52 ms
[15:57:05] [Server thread/INFO]: Loading 25 persistent chunks for world 'crystalblock:ocean'...
[15:57:05] [Server thread/INFO]: Preparing spawn area: 28%
[15:57:05] [Server thread/INFO]: Prepared spawn area in 148 ms
[15:57:05] [Server thread/INFO]: Done preparing level "world" (3.660s)
[15:57:05] [Server thread/INFO]: [voicechat] Enabling voicechat v2.6.11
[15:57:05] [Server thread/INFO]: [voicechat] Initializing compatibility for version 1.21.11-R0.1
[15:57:05] [Server thread/INFO]: [voicechat] Compatibility version 20
[15:57:05] [Server thread/INFO]: [voicechat] Successfully initialized commodore command completion
[15:57:05] [Server thread/INFO]: [InvSee++] Enabling InvSeePlusPlus v0.30.15
[15:57:05] [Server thread/INFO]: [InvSee++] Detected server software: Paper version 1.21.11
[15:57:05] [Server thread/INFO]: [GSit] Enabling GSit v3.3.1
[15:57:06] [Server thread/INFO]: [GSit] The plugin was successfully enabled.
[15:57:06] [Server thread/INFO]: [Crystalblock2] Enabling Crystalblock2 v1.0.0
[15:57:06] [Server thread/INFO]: [Crystalblock2] Datenbank verbunden: plugins/Crystalblock2/database.db
[15:57:06] [Server thread/INFO]: [Crystalblock2] Tabelle 'joinedPlayers' erstellt oder existiert bereits.
[15:57:06] [Server thread/INFO]: [Crystalblock2] Cache mit 43 Spielern geladen.
[15:57:06] [Server thread/INFO]: [Crystalblock2] Tabelle 'whitelist' erstellt oder existiert bereits.
[15:57:06] [Server thread/INFO]: [Crystalblock2] Tabelle 'server_manager' erstellt oder existiert bereits.
[15:57:06] [Server thread/INFO]: [Crystalblock2] StorageManager: Tabelle 'storage' initialisiert.
[15:57:06] [Server thread/INFO]: [Crystalblock] Bestehender Server-Marker wiederverwendet.
[15:57:06] [Server thread/INFO]: [Crystalblock] serverLevel = 2
[15:57:07] [Server thread/INFO]: [Crystalblock2] Registered all Crystalblock Items!
[15:57:07] [Server thread/INFO]: [CoreProtect] Enabling CoreProtect v23.1
[15:57:07] [Server thread/INFO]: [CoreProtect] CoreProtect Community Edition has been successfully enabled! 
[15:57:07] [Server thread/INFO]: [CoreProtect] Using SQLite for data storage.
[15:57:07] [Server thread/INFO]: --------------------
[15:57:07] [Server thread/INFO]: [CoreProtect] Enjoy CoreProtect? Join our Discord!
[15:57:07] [Server thread/INFO]: [CoreProtect] Discord: www.coreprotect.net/discord/
[15:57:07] [Server thread/INFO]: --------------------
[15:57:08] [Server thread/INFO]: [BetterBan] Enabling BetterBan v1.2.0
[15:57:08] [Server thread/INFO]: [VoiceServer] Enabling VoiceServer v1.3.0
[15:57:08] [Server thread/WARN]: [VoiceServer] Cannot register the "/testcommand" command
[15:57:08] [Server thread/INFO]: [PurpurExtras] Enabling PurpurExtras v1.37.1
[15:57:08] [Server thread/INFO]: [org.purpurmc.purpurextras.reflections.Reflections] Reflections took 62 ms to scan 1 urls, producing 3 keys and 69 values
[15:57:08] [Server thread/INFO]: [spark] Starting background profiler...
[15:57:08] [Server thread/INFO]: Starting GS4 status listener
[15:57:08] [Server thread/INFO]: Thread Query Listener started
[15:57:08] [Server thread/INFO]: Starting remote control listener
[15:57:08] [Query Listener #1/INFO]: Query running on 194.163.164.32:26585
[15:57:08] [Server thread/INFO]: Thread RCON Listener started
[15:57:08] [Server thread/INFO]: RCON running on 194.163.164.32:26575
[15:57:08] [Server thread/INFO]: Running delayed init tasks
[15:57:08] [Server thread/INFO]: Done (33.910s)! For help, type "help"
[15:57:08] [Server thread/INFO]: Stopping server
[15:57:08] [Server thread/INFO]: [PurpurExtras] Disabling PurpurExtras v1.37.1
[15:57:08] [Server thread/INFO]: [VoiceServer] Disabling VoiceServer v1.3.0
[15:57:08] [Server thread/INFO]: [BetterBan] Disabling BetterBan v1.2.0
[15:57:08] [Server thread/INFO]: [CoreProtect] Disabling CoreProtect v23.1
[15:57:08] [Server thread/INFO]: [CoreProtect] Finishing up data logging. Please wait...
[15:57:08] [Netty Epoll IO #3/WARN]: java.lang.IllegalStateException: Shutdown in progress
[15:57:08] [Netty Epoll IO #3/WARN]: 	at java.base/java.lang.ApplicationShutdownHooks.add(Unknown Source)
[15:57:08] [Netty Epoll IO #3/WARN]: 	at java.base/java.lang.Runtime.addShutdownHook(Unknown Source)
[15:57:08] [Netty Epoll IO #3/WARN]: 	at java.desktop/com.sun.imageio.stream.StreamCloser.lambda$addToQueue$0(Unknown Source)
[15:57:08] [Netty Epoll IO #3/WARN]: 	at java.base/java.security.AccessController.doPrivileged(Unknown Source)
[15:57:08] [Netty Epoll IO #3/WARN]: 	at java.desktop/com.sun.imageio.stream.StreamCloser.addToQueue(Unknown Source)
[15:57:08] [Netty Epoll IO #3/WARN]: 	at java.desktop/javax.imageio.stream.FileCacheImageOutputStream.<init>(Unknown Source)
[15:57:08] [Netty Epoll IO #3/WARN]: 	at java.desktop/com.sun.imageio.spi.OutputStreamImageOutputStreamSpi.createOutputStreamInstance(Unknown Source)
[15:57:08] [Netty Epoll IO #3/WARN]: 	at java.desktop/javax.imageio.ImageIO.createImageOutputStream(Unknown Source)
[15:57:08] [Netty Epoll IO #3/WARN]: 	at java.desktop/javax.imageio.ImageIO.write(Unknown Source)
[15:57:08] [Netty Epoll IO #3/WARN]: 	at org.bukkit.craftbukkit.CraftServer.loadServerIcon0(CraftServer.java:2481)
[15:57:08] [Netty Epoll IO #3/WARN]: 	at org.bukkit.craftbukkit.CraftServer.loadServerIcon0(CraftServer.java:2467)
[15:57:08] [Netty Epoll IO #3/WARN]: 	at org.bukkit.craftbukkit.CraftServer.loadServerIcon(CraftServer.java:2463)
[15:57:08] [Netty Epoll IO #3/WARN]: 	at org.bukkit.craftbukkit.CraftServer.loadServerIcon(CraftServer.java:265)
[15:57:08] [Netty Epoll IO #3/WARN]: 	at Crystalblock2.jar//de.jakomi1.crystalblock.listener.PingListener.ensureIconLoaded(PingListener.java:39)
[15:57:08] [Netty Epoll IO #3/WARN]: 	at Crystalblock2.jar//de.jakomi1.crystalblock.listener.PingListener.onPing(PingListener.java:50)
[15:57:08] [Netty Epoll IO #3/WARN]: 	at org.bukkit.plugin.RegisteredListener.callEvent(RegisteredListener.java:71)
[15:57:08] [Netty Epoll IO #3/WARN]: 	at io.papermc.paper.plugin.manager.PaperEventManager.callEvent(PaperEventManager.java:60)
[15:57:08] [Netty Epoll IO #3/WARN]: 	at io.papermc.paper.plugin.manager.PaperPluginManagerImpl.callEvent(PaperPluginManagerImpl.java:131)
[15:57:08] [Netty Epoll IO #3/WARN]: 	at org.bukkit.plugin.SimplePluginManager.callEvent(SimplePluginManager.java:630)
[15:57:08] [Netty Epoll IO #3/WARN]: 	at com.destroystokyo.paper.network.StandardPaperServerListPingEventImpl.getEventResponse(StandardPaperServerListPingEventImpl.java:80)
[15:57:08] [Netty Epoll IO #3/WARN]: 	at com.destroystokyo.paper.network.StandardPaperServerListPingEventImpl.processRequest(StandardPaperServerListPingEventImpl.java:68)
[15:57:08] [Netty Epoll IO #3/WARN]: 	at net.minecraft.server.network.ServerStatusPacketListenerImpl.handleStatusRequest(ServerStatusPacketListenerImpl.java:44)
[15:57:08] [Netty Epoll IO #3/WARN]: 	at net.minecraft.network.protocol.status.ServerboundStatusRequestPacket.handle(ServerboundStatusRequestPacket.java:22)
[15:57:08] [Netty Epoll IO #3/WARN]: 	at net.minecraft.network.protocol.status.ServerboundStatusRequestPacket.handle(ServerboundStatusRequestPacket.java:8)
[15:57:08] [Netty Epoll IO #3/WARN]: 	at net.minecraft.network.Connection.genericsFtw(Connection.java:290)
[15:57:08] [Netty Epoll IO #3/WARN]: 	at net.minecraft.network.Connection.channelRead0(Connection.java:273)
[15:57:08] [Netty Epoll IO #3/WARN]: 	at net.minecraft.network.Connection.channelRead0(Connection.java:58)
[15:57:08] [Netty Epoll IO #3/WARN]: 	at io.netty.channel.SimpleChannelInboundHandler.channelRead(SimpleChannelInboundHandler.java:99)
[15:57:08] [Netty Epoll IO #3/WARN]: 	at io.netty.channel.AbstractChannelHandlerContext.fireChannelRead(AbstractChannelHandlerContext.java:356)
[15:57:08] [Netty Epoll IO #3/WARN]: 	at io.netty.handler.codec.ByteToMessageDecoder.fireChannelRead(ByteToMessageDecoder.java:346)
[15:57:08] [Netty Epoll IO #3/WARN]: 	at io.netty.handler.codec.ByteToMessageDecoder.channelRead(ByteToMessageDecoder.java:318)
[15:57:08] [Netty Epoll IO #3/WARN]: 	at io.netty.channel.AbstractChannelHandlerContext.fireChannelRead(AbstractChannelHandlerContext.java:356)
[15:57:08] [Netty Epoll IO #3/WARN]: 	at io.netty.handler.flow.FlowControlHandler.dequeue(FlowControlHandler.java:201)
[15:57:08] [Netty Epoll IO #3/WARN]: 	at io.netty.handler.flow.FlowControlHandler.channelRead(FlowControlHandler.java:163)
[15:57:08] [Netty Epoll IO #3/WARN]: 	at io.netty.channel.AbstractChannelHandlerContext.fireChannelRead(AbstractChannelHandlerContext.java:354)
[15:57:08] [Netty Epoll IO #3/WARN]: 	at io.netty.handler.codec.ByteToMessageDecoder.fireChannelRead(ByteToMessageDecoder.java:346)
[15:57:08] [Netty Epoll IO #3/WARN]: 	at io.netty.handler.codec.ByteToMessageDecoder.channelRead(ByteToMessageDecoder.java:318)
[15:57:08] [Netty Epoll IO #3/WARN]: 	at io.netty.channel.AbstractChannelHandlerContext.fireChannelRead(AbstractChannelHandlerContext.java:356)
[15:57:08] [Netty Epoll IO #3/WARN]: 	at net.minecraft.server.network.LegacyQueryHandler.channelRead(LegacyQueryHandler.java:112)
[15:57:08] [Netty Epoll IO #3/WARN]: 	at io.netty.channel.AbstractChannelHandlerContext.fireChannelRead(AbstractChannelHandlerContext.java:356)
[15:57:08] [Netty Epoll IO #3/WARN]: 	at io.netty.handler.timeout.IdleStateHandler.channelRead(IdleStateHandler.java:293)
[15:57:08] [Netty Epoll IO #3/WARN]: 	at io.netty.channel.AbstractChannelHandlerContext.fireChannelRead(AbstractChannelHandlerContext.java:354)
[15:57:08] [Netty Epoll IO #3/WARN]: 	at io.netty.handler.flush.FlushConsolidationHandler.channelRead(FlushConsolidationHandler.java:152)
[15:57:08] [Netty Epoll IO #3/WARN]: 	at io.netty.channel.AbstractChannelHandlerContext.fireChannelRead(AbstractChannelHandlerContext.java:354)
[15:57:08] [Netty Epoll IO #3/WARN]: 	at io.netty.channel.DefaultChannelPipeline$HeadContext.channelRead(DefaultChannelPipeline.java:1429)
[15:57:08] [Netty Epoll IO #3/WARN]: 	at io.netty.channel.DefaultChannelPipeline.fireChannelRead(DefaultChannelPipeline.java:918)
[15:57:08] [Netty Epoll IO #3/WARN]: 	at io.netty.channel.epoll.AbstractEpollStreamChannel$EpollStreamUnsafe.epollInReady(AbstractEpollStreamChannel.java:794)
[15:57:08] [Netty Epoll IO #3/WARN]: 	at io.netty.channel.epoll.AbstractEpollChannel$AbstractEpollUnsafe.handle(AbstractEpollChannel.java:482)
[15:57:08] [Netty Epoll IO #3/WARN]: 	at io.netty.channel.epoll.EpollIoHandler$DefaultEpollIoRegistration.handle(EpollIoHandler.java:317)
[15:57:08] [Netty Epoll IO #3/WARN]: 	at io.netty.channel.epoll.EpollIoHandler.processReady(EpollIoHandler.java:515)
[15:57:08] [Netty Epoll IO #3/WARN]: 	at io.netty.channel.epoll.EpollIoHandler.run(EpollIoHandler.java:460)
[15:57:08] [Netty Epoll IO #3/WARN]: 	at io.netty.channel.SingleThreadIoEventLoop.runIo(SingleThreadIoEventLoop.java:225)
[15:57:08] [Netty Epoll IO #3/WARN]: 	at io.netty.channel.SingleThreadIoEventLoop.run(SingleThreadIoEventLoop.java:196)
[15:57:08] [Netty Epoll IO #3/WARN]: 	at io.netty.util.concurrent.SingleThreadEventExecutor$5.run(SingleThreadEventExecutor.java:1193)
[15:57:08] [Netty Epoll IO #3/WARN]: 	at io.netty.util.internal.ThreadExecutorMap$2.run(ThreadExecutorMap.java:74)
[15:57:08] [Netty Epoll IO #3/WARN]: 	at java.base/java.lang.Thread.run(Unknown Source)
[15:57:09] [User Authenticator #0/INFO]: UUID of player Jxel126 is c4c849dc-d3db-4038-9830-7bd6456c15e0
[15:57:09] [Server thread/INFO]: [CoreProtect] Success! Disabled CoreProtect v23.1
[15:57:09] [Server thread/INFO]: [Crystalblock2] Disabling Crystalblock2 v1.0.0
[15:57:09] [Server thread/INFO]: [Crystalblock2] Datenbank getrennt.
[15:57:09] [Server thread/INFO]: [GSit] Disabling GSit v3.3.1
[15:57:09] [Server thread/INFO]: [GSit] The plugin was successfully disabled.
[15:57:09] [Server thread/INFO]: [InvSee++] Disabling InvSeePlusPlus v0.30.15
[15:57:09] [Server thread/INFO]: [voicechat] Disabling voicechat v2.6.11
[15:57:09] [Server thread/INFO]: Saving players
[15:57:09] [Server thread/INFO]: Saving worlds
[15:57:09] [Server thread/INFO]: Saving chunks for level 'ServerLevel[world]'/minecraft:overworld
[15:57:09] [Server thread/INFO]: [ChunkHolderManager] Waiting 60s for chunk system to halt for world 'world'
[15:57:09] [Server thread/INFO]: [ChunkHolderManager] Halted chunk system for world 'world'
[15:57:09] [Server thread/INFO]: [ChunkHolderManager] Saving all chunkholders for world 'world'
[15:57:09] [User Authenticator #0/INFO]: UUID of player HalloJost is 6ba782be-0a31-49c6-b1f4-f6fafc30e2ea
[15:57:10] [Server thread/INFO]: [ChunkHolderManager] Saved 144 block chunks, 144 entity chunks, 0 poi chunks in world 'world' in 0.22s
[15:57:10] [Server thread/INFO]: [ChunkHolderManager] Waiting 60s for chunk I/O to halt for world 'world'
[15:57:10] [Server thread/INFO]: [ChunkHolderManager] Halted I/O scheduler for world 'world'
[15:57:10] [Server thread/INFO]: Saving chunks for level 'ServerLevel[world_crystalblock_bossroom]'/crystalblock:bossroom
[15:57:10] [Server thread/INFO]: [ChunkHolderManager] Waiting 60s for chunk system to halt for world 'world_crystalblock_bossroom'
[15:57:10] [Server thread/INFO]: [ChunkHolderManager] Halted chunk system for world 'world_crystalblock_bossroom'
[15:57:10] [Server thread/INFO]: [ChunkHolderManager] Saving all chunkholders for world 'world_crystalblock_bossroom'
[15:57:10] [Server thread/INFO]: [ChunkHolderManager] Saved 25 block chunks, 25 entity chunks, 0 poi chunks in world 'world_crystalblock_bossroom' in 0.03s
[15:57:10] [Server thread/INFO]: [ChunkHolderManager] Waiting 60s for chunk I/O to halt for world 'world_crystalblock_bossroom'
[15:57:10] [Server thread/INFO]: [ChunkHolderManager] Halted I/O scheduler for world 'world_crystalblock_bossroom'
[15:57:10] [Server thread/INFO]: Saving chunks for level 'ServerLevel[world_crystalblock_nether]'/crystalblock:nether
[15:57:10] [Server thread/INFO]: [ChunkHolderManager] Waiting 60s for chunk system to halt for world 'world_crystalblock_nether'
[15:57:10] [Server thread/INFO]: [ChunkHolderManager] Halted chunk system for world 'world_crystalblock_nether'
[15:57:10] [Server thread/INFO]: [ChunkHolderManager] Saving all chunkholders for world 'world_crystalblock_nether'
[15:57:10] [Server thread/INFO]: [ChunkHolderManager] Saved 25 block chunks, 25 entity chunks, 0 poi chunks in world 'world_crystalblock_nether' in 0.07s
[15:57:10] [Server thread/INFO]: [ChunkHolderManager] Waiting 60s for chunk I/O to halt for world 'world_crystalblock_nether'
[15:57:10] [Server thread/INFO]: [ChunkHolderManager] Halted I/O scheduler for world 'world_crystalblock_nether'
[15:57:10] [Server thread/INFO]: Saving chunks for level 'ServerLevel[world_crystalblock_sky]'/crystalblock:sky
[15:57:10] [Server thread/INFO]: [ChunkHolderManager] Waiting 60s for chunk system to halt for world 'world_crystalblock_sky'
[15:57:10] [Server thread/INFO]: [ChunkHolderManager] Halted chunk system for world 'world_crystalblock_sky'
[15:57:10] [Server thread/INFO]: [ChunkHolderManager] Saving all chunkholders for world 'world_crystalblock_sky'
[15:57:10] [Server thread/INFO]: [ChunkHolderManager] Saved 25 block chunks, 25 entity chunks, 0 poi chunks in world 'world_crystalblock_sky' in 0.15s
[15:57:10] [Server thread/INFO]: [ChunkHolderManager] Waiting 60s for chunk I/O to halt for world 'world_crystalblock_sky'
[15:57:10] [Server thread/INFO]: [ChunkHolderManager] Halted I/O scheduler for world 'world_crystalblock_sky'
[15:57:10] [Server thread/INFO]: Saving chunks for level 'ServerLevel[world_preset_preset]'/preset:preset
[15:57:10] [Server thread/INFO]: [ChunkHolderManager] Waiting 60s for chunk system to halt for world 'world_preset_preset'
[15:57:10] [Server thread/INFO]: [ChunkHolderManager] Halted chunk system for world 'world_preset_preset'
[15:57:10] [Server thread/INFO]: [ChunkHolderManager] Saving all chunkholders for world 'world_preset_preset'
[15:57:10] [Server thread/INFO]: [ChunkHolderManager] Saved 0 block chunks, 0 entity chunks, 0 poi chunks in world 'world_preset_preset' in 0.00s
[15:57:10] [Server thread/INFO]: [ChunkHolderManager] Waiting 60s for chunk I/O to halt for world 'world_preset_preset'
[15:57:10] [Server thread/INFO]: [ChunkHolderManager] Halted I/O scheduler for world 'world_preset_preset'
[15:57:10] [Server thread/INFO]: Saving chunks for level 'ServerLevel[world_crystalblock_aetheria]'/crystalblock:aetheria
[15:57:10] [Server thread/INFO]: [ChunkHolderManager] Waiting 60s for chunk system to halt for world 'world_crystalblock_aetheria'
[15:57:10] [Server thread/INFO]: [ChunkHolderManager] Halted chunk system for world 'world_crystalblock_aetheria'
[15:57:10] [Server thread/INFO]: [ChunkHolderManager] Saving all chunkholders for world 'world_crystalblock_aetheria'
[15:57:10] [Server thread/INFO]: [ChunkHolderManager] Saved 147 block chunks, 147 entity chunks, 0 poi chunks in world 'world_crystalblock_aetheria' in 0.09s
[15:57:10] [Server thread/INFO]: [ChunkHolderManager] Waiting 60s for chunk I/O to halt for world 'world_crystalblock_aetheria'
[15:57:10] [Server thread/INFO]: [ChunkHolderManager] Halted I/O scheduler for world 'world_crystalblock_aetheria'
[15:57:10] [Server thread/INFO]: Saving chunks for level 'ServerLevel[world_crystalblock_stone]'/crystalblock:stone
[15:57:10] [Server thread/INFO]: [ChunkHolderManager] Waiting 60s for chunk system to halt for world 'world_crystalblock_stone'
[15:57:10] [Server thread/INFO]: [ChunkHolderManager] Halted chunk system for world 'world_crystalblock_stone'
[15:57:10] [Server thread/INFO]: [ChunkHolderManager] Saving all chunkholders for world 'world_crystalblock_stone'
[15:57:10] [Server thread/INFO]: [ChunkHolderManager] Saved 25 block chunks, 25 entity chunks, 0 poi chunks in world 'world_crystalblock_stone' in 0.04s
[15:57:10] [Server thread/INFO]: [ChunkHolderManager] Waiting 60s for chunk I/O to halt for world 'world_crystalblock_stone'
[15:57:10] [Server thread/INFO]: [ChunkHolderManager] Halted I/O scheduler for world 'world_crystalblock_stone'
[15:57:10] [Server thread/INFO]: Saving chunks for level 'ServerLevel[world_crystalblock_void]'/crystalblock:void
[15:57:10] [Server thread/INFO]: [ChunkHolderManager] Waiting 60s for chunk system to halt for world 'world_crystalblock_void'
[15:57:10] [Server thread/INFO]: [ChunkHolderManager] Halted chunk system for world 'world_crystalblock_void'
[15:57:10] [Server thread/INFO]: [ChunkHolderManager] Saving all chunkholders for world 'world_crystalblock_void'
[15:57:10] [Server thread/INFO]: [ChunkHolderManager] Saved 25 block chunks, 25 entity chunks, 0 poi chunks in world 'world_crystalblock_void' in 0.04s
[15:57:10] [Server thread/INFO]: [ChunkHolderManager] Waiting 60s for chunk I/O to halt for world 'world_crystalblock_void'
[15:57:10] [Server thread/INFO]: [ChunkHolderManager] Halted I/O scheduler for world 'world_crystalblock_void'
[15:57:10] [Server thread/INFO]: Saving chunks for level 'ServerLevel[world_crystalblock_ocean]'/crystalblock:ocean
[15:57:10] [Server thread/INFO]: [ChunkHolderManager] Waiting 60s for chunk system to halt for world 'world_crystalblock_ocean'
[15:57:10] [Server thread/INFO]: [ChunkHolderManager] Halted chunk system for world 'world_crystalblock_ocean'
[15:57:10] [Server thread/INFO]: [ChunkHolderManager] Saving all chunkholders for world 'world_crystalblock_ocean'
[15:57:10] [Server thread/INFO]: [ChunkHolderManager] Saved 25 block chunks, 25 entity chunks, 0 poi chunks in world 'world_crystalblock_ocean' in 0.06s
[15:57:10] [Server thread/INFO]: [ChunkHolderManager] Waiting 60s for chunk I/O to halt for world 'world_crystalblock_ocean'
[15:57:10] [Server thread/INFO]: [ChunkHolderManager] Halted I/O scheduler for world 'world_crystalblock_ocean'
[15:57:10] [Server thread/INFO]: ThreadedChunkStorage (world): All chunks are saved
[15:57:10] [Server thread/INFO]: ThreadedChunkStorage (bossroom): All chunks are saved
[15:57:10] [Server thread/INFO]: ThreadedChunkStorage (nether): All chunks are saved
[15:57:10] [Server thread/INFO]: ThreadedChunkStorage (sky): All chunks are saved
[15:57:10] [Server thread/INFO]: ThreadedChunkStorage (preset): All chunks are saved
[15:57:10] [Server thread/INFO]: ThreadedChunkStorage (aetheria): All chunks are saved
[15:57:10] [Server thread/INFO]: ThreadedChunkStorage (stone): All chunks are saved
[15:57:10] [Server thread/INFO]: ThreadedChunkStorage (void): All chunks are saved
[15:57:10] [Server thread/INFO]: ThreadedChunkStorage (ocean): All chunks are saved
[15:57:10] [Server thread/INFO]: ThreadedChunkStorage: All dimensions are saved
[15:57:10] [Server thread/INFO]: Waiting for all RegionFile I/O tasks to complete...
[15:57:10] [Server thread/INFO]: All RegionFile I/O tasks to complete
[15:57:10] [Server thread/INFO]: [MoonriseCommon] Awaiting termination of worker pool for up to 60s...
[15:57:10] [Server thread/INFO]: [MoonriseCommon] Awaiting termination of I/O pool for up to 60s...
[15:57:10] [Server thread/INFO]: [ExecutorShutdown] Shutting down mob spawn executor...
[15:57:10] [Server thread/INFO]: [ExecutorShutdown] Shutting down async chunk send executor...
[15:57:10] [Server thread/INFO]: [ExecutorShutdown] Shutting down mob tracker executor...
[15:57:10] [Server thread/INFO]: [ExecutorShutdown] Shutting down mob pathfinding processing executor...
