[06:03:55] [ServerMain/INFO]: [PaperBootstrap] Running Java 21 (OpenJDK 64-Bit Server VM 21.0.3+9-LTS; Eclipse Adoptium Temurin-21.0.3+9) on Linux 5.15.0-174-generic (amd64)
[06:03:55] [ServerMain/INFO]: [PaperBootstrap] Loading DivineMC 1.21.11-24-ver/1.21.11@d7f0821 (2026-04-01T12:11:57Z) for Minecraft 1.21.11
[06:03:55] [ServerMain/INFO]: [PaperBootstrap] Running JVM args [-Xms16384M, -Xmx16384M, -Dfml.queryResult=confirm, -XX:+UseG1GC, -XX:+ParallelRefProcEnabled, -XX:MaxGCPauseMillis=200, -XX:+UnlockExperimentalVMOptions, -XX:+DisableExplicitGC, -XX:+AlwaysPreTouch, -XX:G1NewSizePercent=30, -XX:G1MaxNewSizePercent=40, -XX:G1HeapRegionSize=32M, -XX:G1ReservePercent=20, -XX:G1HeapWastePercent=5, -XX:G1MixedGCCountTarget=4, -XX:InitiatingHeapOccupancyPercent=15, -XX:G1MixedGCLiveThresholdPercent=90, -XX:G1RSetUpdatingPauseTimePercent=5, -XX:SurvivorRatio=32, -XX:+PerfDisableSharedMem, -XX:MaxTenuringThreshold=1, -Dfile.encoding=UTF-8, -Dlog4j2.formatMsgNoLookups=true, -Dpaper.disableChannelLimit=true]
[06:03:57] [ServerMain/INFO]: [PluginInitializerManager] Initializing plugins...
[06:03:57] [ServerMain/INFO]: [PluginInitializerManager] Initialized 8 plugins
[06:03:57] [ServerMain/INFO]: [PluginInitializerManager] Paper plugins (2):
 - Crystalblock2 (1.0.0), PurpurExtras (1.37.1)
[06:03:57] [ServerMain/INFO]: [PluginInitializerManager] Bukkit plugins (6):
 - BetterBan (1.2.0), CoreProtect (23.1), GSit (3.3.1), InvSeePlusPlus (0.30.15), VoiceServer (1.3.0), voicechat (2.6.11)
[06:04:04] [ServerMain/INFO]: Environment: Environment[sessionHost=https://sessionserver.mojang.com, servicesHost=https://api.minecraftservices.com, profilesHost=https://api.mojang.com, name=PROD]
[06:04:06] [ServerMain/INFO]: [Crystalblock2] Loaded CustomBootstrapper succesfully!
[06:04:07] [ServerMain/INFO]: Loaded 1470 recipes
[06:04:07] [ServerMain/INFO]: Loaded 1584 advancements
[06:04:07] [ServerMain/INFO]: [ca.spottedleaf.dataconverter.minecraft.datatypes.MCTypeRegistry] Initialising converters for DataConverter...
[06:04:08] [ServerMain/INFO]: [ca.spottedleaf.dataconverter.minecraft.datatypes.MCTypeRegistry] Finished initialising converters for DataConverter in 480.5ms
[06:04:08] [Server thread/INFO]: Starting minecraft server version 1.21.11
[06:04:08] [Server thread/INFO]: Loading properties
[06:04:08] [Server thread/INFO]: [DivineConfig] Loading config...
[06:04:08] [Server thread/WARN]: [DivineConfig] Invalid regionized chunk ticking thread count: 16, resetting to default (4)
[06:04:08] [Server thread/INFO]: [DivineConfig] Using 16 threads for Async Pathfinding
[06:04:08] [Server thread/INFO]: [DivineConfig] Using 16 threads for Async Entity Tracker
[06:04:08] [Server thread/WARN]: [DivineConfig] You have the following experimental features enabled: [Parallel World Ticking, Regionized Chunk Ticking]. Please proceed with caution!
[06:04:08] [Server thread/INFO]: [DivineConfig] Config loaded in 105ms
[06:04:08] [Server thread/INFO]: This server is running DivineMC version 1.21.11-24-ver/1.21.11@d7f0821 (2026-04-01T12:11:57Z) (Implementing API version 1.21.11-R0.1-SNAPSHOT)
[06:04:08] [Server thread/INFO]: [spark] This server bundles the spark profiler. For more information please visit https://docs.papermc.io/paper/profiling
[06:04:08] [Server thread/INFO]: Using 4 threads for Netty based IO
[06:04:08] [Server thread/INFO]: Server Ping Player Sample Count: 12
[06:04:09] [Server thread/INFO]: [MoonriseCommon] DivineMC is using 24 worker threads, 1 I/O threads
[06:04:09] [Server thread/WARN]: SIMD operations are available for your server, but are not configured!
[06:04:09] [Server thread/WARN]: To enable additional optimizations, add "--add-modules=jdk.incubator.vector" to your startup flags, BEFORE the "-jar".
[06:04:09] [Server thread/WARN]: If you have already added this flag, then SIMD operations are not supported on your JVM or CPU.
[06:04:09] [Server thread/WARN]: Debug: Java: 21.0.3, test run: false
[06:04:09] [Server thread/INFO]: Using 30 permits for Parallel world ticking
[06:04:09] [Server thread/INFO]: Default game type: SURVIVAL
[06:04:09] [Server thread/INFO]: Generating keypair
[06:04:09] [Server thread/INFO]: Starting Minecraft server on 194.163.164.32:26585
[06:04:09] [Server thread/INFO]: Paper: Using libdeflate (Linux x86_64) compression from Velocity.
[06:04:09] [Server thread/INFO]: Paper: Using OpenSSL 3.x.x (Linux x86_64) cipher from Velocity.
[06:04:10] [Server thread/WARN]: [org.bukkit.craftbukkit.legacy.CraftLegacy] Initializing Legacy Material Support. Unless you have legacy plugins and/or data this is a bug!
[06:04:22] [Server thread/INFO]: [voicechat] Loading server plugin voicechat v2.6.11
[06:04:22] [Server thread/INFO]: [InvSee++] Loading server plugin InvSeePlusPlus v0.30.15
[06:04:22] [Server thread/INFO]: [GSit] Loading server plugin GSit v3.3.1
[06:04:22] [Server thread/INFO]: [Crystalblock2] Loading server plugin Crystalblock2 v1.0.0
[06:04:22] [Server thread/INFO]: [CoreProtect] Loading server plugin CoreProtect v23.1
[06:04:22] [Server thread/INFO]: [BetterBan] Loading server plugin BetterBan v1.2.0
[06:04:22] [Server thread/INFO]: [VoiceServer] Loading server plugin VoiceServer v1.3.0
[06:04:22] [Server thread/INFO]: [PurpurExtras] Loading server plugin PurpurExtras v1.37.1
[06:04:22] [Server thread/INFO]: Server permissions file permissions.yml is empty, ignoring it
[06:04:22] [Server thread/INFO]: Preparing level "world"
[06:04:23] [Server thread/INFO]: [ca.spottedleaf.moonrise.common.util.MoonriseConstants] NUMA enable flag is not set; however there is NUMA interaction support for this OS.
[06:04:23] [Server thread/INFO]: [ca.spottedleaf.moonrise.common.util.MoonriseConstants] Detected 1 NUMA nodes.
[06:04:23] [Server thread/INFO]: Density function compilation finished in 11.08 ms
[06:04:23] [Server thread/INFO]: Density function compilation finished in 411.2 μs
[06:04:23] [Server thread/INFO]: Density function compilation finished in 282.5 μs
[06:04:23] [Server thread/INFO]: Density function compilation finished in 253.8 μs
[06:04:23] [Server thread/INFO]: Density function compilation finished in 295.9 μs
[06:04:23] [Server thread/INFO]: Density function compilation finished in 234.3 μs
[06:04:23] [Server thread/INFO]: Density function compilation finished in 672.0 μs
[06:04:23] [Server thread/INFO]: Density function compilation finished in 195.7 μs
[06:04:24] [Server thread/INFO]: Density function compilation finished in 204.4 μs
[06:04:24] [Server thread/INFO]: Loading 144 persistent chunks for world 'minecraft:overworld'...
[06:04:24] [Server thread/INFO]: Preparing spawn area: 6%
[06:04:25] [Server thread/INFO]: Prepared spawn area in 1491 ms
[06:04:25] [Server thread/INFO]: Loading 115 persistent chunks for world 'crystalblock:aetheria'...
[06:04:25] [Server thread/INFO]: Preparing spawn area: 8%
[06:04:25] [Server thread/INFO]: Prepared spawn area in 216 ms
[06:04:25] [Server thread/INFO]: Loading 25 persistent chunks for world 'crystalblock:nether'...
[06:04:25] [Server thread/INFO]: Preparing spawn area: 28%
[06:04:26] [Server thread/INFO]: Prepared spawn area in 282 ms
[06:04:26] [Server thread/INFO]: Loading 0 persistent chunks for world 'preset:preset'...
[06:04:26] [Server thread/INFO]: Prepared spawn area in 1 ms
[06:04:26] [Server thread/INFO]: Loading 25 persistent chunks for world 'crystalblock:sky'...
[06:04:26] [Server thread/INFO]: Preparing spawn area: 28%
[06:04:26] [Server thread/INFO]: Prepared spawn area in 236 ms
[06:04:26] [Server thread/INFO]: Loading 25 persistent chunks for world 'crystalblock:bossroom'...
[06:04:26] [Server thread/INFO]: Preparing spawn area: 28%
[06:04:26] [Server thread/INFO]: Prepared spawn area in 16 ms
[06:04:26] [Server thread/INFO]: Loading 25 persistent chunks for world 'crystalblock:stone'...
[06:04:26] [Server thread/INFO]: Preparing spawn area: 28%
[06:04:26] [Server thread/INFO]: Prepared spawn area in 49 ms
[06:04:26] [Server thread/INFO]: Loading 25 persistent chunks for world 'crystalblock:void'...
[06:04:26] [Server thread/INFO]: Preparing spawn area: 28%
[06:04:26] [Server thread/INFO]: Prepared spawn area in 49 ms
[06:04:26] [Server thread/INFO]: Loading 25 persistent chunks for world 'crystalblock:ocean'...
[06:04:26] [Server thread/INFO]: Preparing spawn area: 28%
[06:04:26] [Server thread/INFO]: Prepared spawn area in 148 ms
[06:04:26] [Server thread/INFO]: Done preparing level "world" (3.911s)
[06:04:26] [Server thread/INFO]: [voicechat] Enabling voicechat v2.6.11
[06:04:26] [Server thread/INFO]: [voicechat] Initializing compatibility for version 1.21.11-R0.1
[06:04:26] [Server thread/INFO]: [voicechat] Compatibility version 20
[06:04:26] [Server thread/INFO]: [voicechat] Successfully initialized commodore command completion
[06:04:26] [Server thread/INFO]: [InvSee++] Enabling InvSeePlusPlus v0.30.15
[06:04:27] [Server thread/INFO]: [InvSee++] Detected server software: Paper version 1.21.11
[06:04:27] [Server thread/INFO]: [GSit] Enabling GSit v3.3.1
[06:04:27] [Server thread/INFO]: [GSit] The plugin was successfully enabled.
[06:04:27] [Server thread/INFO]: [Crystalblock2] Enabling Crystalblock2 v1.0.0
[06:04:27] [Server thread/INFO]: [Crystalblock2] Datenbank verbunden: plugins/Crystalblock2/database.db
[06:04:27] [Server thread/INFO]: [Crystalblock2] Tabelle 'joinedPlayers' erstellt oder existiert bereits.
[06:04:27] [Server thread/INFO]: [Crystalblock2] Cache mit 43 Spielern geladen.
[06:04:27] [Server thread/INFO]: [Crystalblock2] Tabelle 'whitelist' erstellt oder existiert bereits.
[06:04:27] [Server thread/INFO]: [Crystalblock2] Tabelle 'server_manager' erstellt oder existiert bereits.
[06:04:27] [Server thread/INFO]: [Crystalblock2] StorageManager: Tabelle 'storage' initialisiert.
[06:04:27] [Server thread/INFO]: [Crystalblock] Bestehender Server-Marker wiederverwendet.
[06:04:27] [Server thread/INFO]: [Crystalblock] serverLevel = 2
[06:04:28] [Server thread/INFO]: [Crystalblock2] Registered all Crystalblock Items!
[06:04:29] [Server thread/INFO]: [CoreProtect] Enabling CoreProtect v23.1
[06:04:29] [Server thread/INFO]: [CoreProtect] CoreProtect Community Edition has been successfully enabled! 
[06:04:29] [Server thread/INFO]: [CoreProtect] Using SQLite for data storage.
[06:04:29] [Server thread/INFO]: --------------------
[06:04:29] [Server thread/INFO]: [CoreProtect] Enjoy CoreProtect? Join our Discord!
[06:04:29] [Server thread/INFO]: [CoreProtect] Discord: www.coreprotect.net/discord/
[06:04:29] [Server thread/INFO]: --------------------
[06:04:29] [Server thread/INFO]: [BetterBan] Enabling BetterBan v1.2.0
[06:04:29] [Server thread/INFO]: [VoiceServer] Enabling VoiceServer v1.3.0
[06:04:29] [Server thread/WARN]: [VoiceServer] Cannot register the "/testcommand" command
[06:04:29] [Server thread/INFO]: [PurpurExtras] Enabling PurpurExtras v1.37.1
[06:04:29] [Server thread/INFO]: [org.purpurmc.purpurextras.reflections.Reflections] Reflections took 69 ms to scan 1 urls, producing 3 keys and 69 values
[06:04:30] [Server thread/INFO]: [spark] Starting background profiler...
[06:04:30] [Server thread/INFO]: Starting GS4 status listener
[06:04:30] [Server thread/INFO]: Thread Query Listener started
[06:04:30] [Server thread/INFO]: Starting remote control listener
[06:04:30] [Query Listener #1/INFO]: Query running on 194.163.164.32:26585
[06:04:30] [Server thread/INFO]: Thread RCON Listener started
[06:04:30] [Server thread/INFO]: RCON running on 194.163.164.32:26575
[06:04:30] [Server thread/INFO]: Running delayed init tasks
[06:04:30] [Server thread/INFO]: Done (35.767s)! For help, type "help"
[06:04:30] [Server thread/INFO]: [voicechat] Loading plugins
[06:04:30] [Server thread/INFO]: [voicechat] Loaded 1 plugin(s)
[06:04:30] [Server thread/INFO]: [voicechat] Initializing plugins
[06:04:30] [Server thread/INFO]: [VoiceServer] VoiceServer debug DISABLED
[06:04:30] [Server thread/INFO]: [VoiceServer] VoiceServer config.yml loaded successfully.
[06:04:30] [Server thread/INFO]: [VoiceServer] Persistent groups cleared (survive-restart=false).
[06:04:30] [Server thread/INFO]: [voicechat] Initialized 1 plugin(s)
[06:04:30] [Server thread/INFO]: [voicechat] Registering events for 'voiceserver'
[06:04:30] [VoiceChatServerThread/INFO]: [voicechat] Using server-ip as bind address: 194.163.164.32
[06:04:30] [VoiceChatServerThread/INFO]: [voicechat] Voice chat server started at 194.163.164.32:26586
[06:04:43] [Server thread/INFO]: Chunk-Cleanup abgeschlossen!
[10:24:42] [User Authenticator #0/INFO]: UUID of player BlockTOB is 56aa6573-e4c9-4886-ba0b-066708842d5a
[10:24:43] [Server thread/INFO]: 56aa6573-e4c9-4886-ba0b-066708842d5a
[10:24:43] [Server thread/INFO]: [VoiceServer] Permissions were successfully reloaded from config.yml.
[10:24:43] [Server thread/INFO]: [+] BlockTOB hat den Server betreten
[10:24:43] [Server thread/INFO]: BlockTOB[/217.88.74.254:53795] logged in with entity id 1259 at ([world_crystalblock_stone]2.5166979250445998, 112.0, 1.6104374023009413)
[10:24:43] [Server thread/INFO]: [voicechat] Received secret request of BlockTOB (20)
[10:24:43] [Server thread/INFO]: [voicechat] Sent secret to BlockTOB
[10:24:43] [VoiceChatPacketProcessingThread/INFO]: [voicechat] Successfully authenticated player 56aa6573-e4c9-4886-ba0b-066708842d5a
[10:24:44] [VoiceChatPacketProcessingThread/INFO]: [voicechat] Successfully validated connection of player 56aa6573-e4c9-4886-ba0b-066708842d5a
[10:24:44] [VoiceChatPacketProcessingThread/INFO]: [voicechat] Player BlockTOB (56aa6573-e4c9-4886-ba0b-066708842d5a) successfully connected to voice chat
[10:25:34] [Server thread/INFO]: BlockTOB lost connection: Disconnected
[10:25:34] [Server thread/INFO]: [voicechat] Disconnecting client BlockTOB
[10:25:34] [Server thread/INFO]: [-] BlockTOB hat den Server verlassen
[11:06:20] [User Authenticator #1/INFO]: UUID of player BlockTOB is 56aa6573-e4c9-4886-ba0b-066708842d5a
[11:06:21] [Server thread/INFO]: 56aa6573-e4c9-4886-ba0b-066708842d5a
[11:06:21] [Server thread/INFO]: [VoiceServer] Permissions were successfully reloaded from config.yml.
[11:06:21] [Server thread/WARN]: [VoiceServer] Failed to remove permission attachment for BlockTOB: Given attachment is not part of Permissible object CraftPlayer{name=BlockTOB, uuid=56aa6573-e4c9-4886-ba0b-066708842d5a}
[11:06:21] [Server thread/INFO]: [+] BlockTOB hat den Server betreten
[11:06:21] [Server thread/INFO]: BlockTOB[/217.88.74.254:54337] logged in with entity id 1380 at ([world_crystalblock_stone]1.6440228692910774, 122.125, 8.235551789293377)
[11:06:21] [Server thread/INFO]: [voicechat] Received secret request of BlockTOB (20)
[11:06:21] [Server thread/INFO]: [voicechat] Sent secret to BlockTOB
[11:06:21] [VoiceChatPacketProcessingThread/INFO]: [voicechat] Successfully authenticated player 56aa6573-e4c9-4886-ba0b-066708842d5a
[11:06:22] [VoiceChatPacketProcessingThread/INFO]: [voicechat] Successfully validated connection of player 56aa6573-e4c9-4886-ba0b-066708842d5a
[11:06:22] [VoiceChatPacketProcessingThread/INFO]: [voicechat] Player BlockTOB (56aa6573-e4c9-4886-ba0b-066708842d5a) successfully connected to voice chat
[11:06:47] [Server thread/INFO]: BlockTOB lost connection: Disconnected
[11:06:47] [Server thread/INFO]: [voicechat] Disconnecting client BlockTOB
[11:06:47] [Server thread/INFO]: [-] BlockTOB hat den Server verlassen
[11:10:47] [User Authenticator #2/INFO]: UUID of player BlockTOB is 56aa6573-e4c9-4886-ba0b-066708842d5a
[11:10:47] [Server thread/INFO]: 56aa6573-e4c9-4886-ba0b-066708842d5a
[11:10:47] [Server thread/INFO]: [VoiceServer] Permissions were successfully reloaded from config.yml.
[11:10:47] [Server thread/WARN]: [VoiceServer] Failed to remove permission attachment for BlockTOB: Given attachment is not part of Permissible object CraftPlayer{name=BlockTOB, uuid=56aa6573-e4c9-4886-ba0b-066708842d5a}
[11:10:47] [Server thread/INFO]: [+] BlockTOB hat den Server betreten
[11:10:47] [Server thread/INFO]: BlockTOB[/217.88.74.254:57300] logged in with entity id 1392 at ([world_crystalblock_stone]-10.601384702419958, 70.0, 28.87134410193386)
[11:10:47] [Server thread/INFO]: [voicechat] Received secret request of BlockTOB (20)
[11:10:47] [Server thread/INFO]: [voicechat] Sent secret to BlockTOB
[11:10:48] [VoiceChatPacketProcessingThread/INFO]: [voicechat] Successfully authenticated player 56aa6573-e4c9-4886-ba0b-066708842d5a
[11:10:49] [VoiceChatPacketProcessingThread/INFO]: [voicechat] Successfully validated connection of player 56aa6573-e4c9-4886-ba0b-066708842d5a
[11:10:49] [VoiceChatPacketProcessingThread/INFO]: [voicechat] Player BlockTOB (56aa6573-e4c9-4886-ba0b-066708842d5a) successfully connected to voice chat
[11:11:10] [Server thread/INFO]: BlockTOB lost connection: Disconnected
[11:11:10] [Server thread/INFO]: [voicechat] Disconnecting client BlockTOB
[11:11:10] [Server thread/INFO]: [-] BlockTOB hat den Server verlassen
[11:24:23] [User Authenticator #3/INFO]: UUID of player BlockTOB is 56aa6573-e4c9-4886-ba0b-066708842d5a
[11:24:24] [Server thread/INFO]: 56aa6573-e4c9-4886-ba0b-066708842d5a
[11:24:24] [Server thread/INFO]: [VoiceServer] Permissions were successfully reloaded from config.yml.
[11:24:24] [Server thread/WARN]: [VoiceServer] Failed to remove permission attachment for BlockTOB: Given attachment is not part of Permissible object CraftPlayer{name=BlockTOB, uuid=56aa6573-e4c9-4886-ba0b-066708842d5a}
[11:24:24] [Server thread/INFO]: [+] BlockTOB hat den Server betreten
[11:24:24] [Server thread/INFO]: BlockTOB[/217.88.74.254:57904] logged in with entity id 1406 at ([world_crystalblock_stone]3.0662352596482574, 91.5, 23.25476472446)
[11:24:24] [Server thread/INFO]: [voicechat] Received secret request of BlockTOB (20)
[11:24:24] [Server thread/INFO]: [voicechat] Sent secret to BlockTOB
[11:24:25] [VoiceChatPacketProcessingThread/INFO]: [voicechat] Successfully authenticated player 56aa6573-e4c9-4886-ba0b-066708842d5a
[11:24:26] [VoiceChatPacketProcessingThread/INFO]: [voicechat] Successfully validated connection of player 56aa6573-e4c9-4886-ba0b-066708842d5a
[11:24:26] [VoiceChatPacketProcessingThread/INFO]: [voicechat] Player BlockTOB (56aa6573-e4c9-4886-ba0b-066708842d5a) successfully connected to voice chat
[12:03:00] [Server thread/INFO]: BlockTOB lost connection: Disconnected
[12:03:00] [Server thread/INFO]: [voicechat] Disconnecting client BlockTOB
[12:03:00] [Server thread/INFO]: [-] BlockTOB hat den Server verlassen
[13:30:38] [User Authenticator #4/INFO]: UUID of player KabeljauNation is e31223eb-eac8-434f-84ee-08407e49261d
[13:30:38] [Server thread/INFO]: e31223eb-eac8-434f-84ee-08407e49261d
[13:30:38] [Server thread/INFO]: [VoiceServer] Permissions were successfully reloaded from config.yml.
[13:30:38] [Server thread/INFO]: [+] KabeljauNation hat den Server betreten
[13:30:38] [Server thread/INFO]: KabeljauNation[/155.133.202.172:61728] logged in with entity id 5909 at ([world_crystalblock_aetheria]-255.78942111750004, 114.0, -87.80769824775601)
[13:30:39] [Server thread/INFO]: [voicechat] Received secret request of KabeljauNation (20)
[13:30:39] [Server thread/INFO]: [voicechat] Sent secret to KabeljauNation
[13:30:39] [VoiceChatPacketProcessingThread/INFO]: [voicechat] Successfully authenticated player e31223eb-eac8-434f-84ee-08407e49261d
[13:30:40] [VoiceChatPacketProcessingThread/INFO]: [voicechat] Successfully validated connection of player e31223eb-eac8-434f-84ee-08407e49261d
[13:30:40] [VoiceChatPacketProcessingThread/INFO]: [voicechat] Player KabeljauNation (e31223eb-eac8-434f-84ee-08407e49261d) successfully connected to voice chat
[14:08:26] [User Authenticator #5/INFO]: UUID of player WolfoHV is 01381de4-d5d4-4712-bfc1-63bd5415a3b7
[14:08:28] [Server thread/INFO]: 01381de4-d5d4-4712-bfc1-63bd5415a3b7
[14:08:28] [Server thread/INFO]: [VoiceServer] Permissions were successfully reloaded from config.yml.
[14:08:28] [Server thread/INFO]: [+] WolfoHV hat den Server betreten
[14:08:28] [Server thread/INFO]: WolfoHV[/31.220.65.56:60803] logged in with entity id 7639 at ([world_crystalblock_ocean]0.4638106113941709, 43.42891185085365, -14.519108248143198)
[14:08:28] [Server thread/INFO]: [voicechat] Received secret request of WolfoHV (20)
[14:08:28] [Server thread/INFO]: [voicechat] Sent secret to WolfoHV
[14:08:29] [VoiceChatPacketProcessingThread/INFO]: [voicechat] Successfully authenticated player 01381de4-d5d4-4712-bfc1-63bd5415a3b7
[14:08:30] [VoiceChatPacketProcessingThread/INFO]: [voicechat] Successfully validated connection of player 01381de4-d5d4-4712-bfc1-63bd5415a3b7
[14:08:30] [VoiceChatPacketProcessingThread/INFO]: [voicechat] Player WolfoHV (01381de4-d5d4-4712-bfc1-63bd5415a3b7) successfully connected to voice chat
[14:12:22] [Server thread/INFO]: [O] WolfoHV fell from a high place
[14:13:06] [Server thread/INFO]: WolfoHV lost connection: Disconnected
[14:13:06] [Server thread/INFO]: [voicechat] Disconnecting client WolfoHV
[14:13:06] [Server thread/INFO]: [-] WolfoHV hat den Server verlassen
[14:14:24] [User Authenticator #6/INFO]: UUID of player Jxel126 is c4c849dc-d3db-4038-9830-7bd6456c15e0
[14:14:25] [Server thread/INFO]: c4c849dc-d3db-4038-9830-7bd6456c15e0
[14:14:25] [Server thread/INFO]: [VoiceServer] Permissions were successfully reloaded from config.yml.
[14:14:25] [Server thread/INFO]: [+] Jxel126 hat den Server betreten
[14:14:25] [Server thread/INFO]: Jxel126[/94.31.108.233:48161] logged in with entity id 7932 at ([world_crystalblock_sky]-14.491658970814843, 60.0, 2.7333032215440722)
[14:14:26] [Server thread/INFO]: [voicechat] Received secret request of Jxel126 (20)
[14:14:26] [Server thread/INFO]: [voicechat] Sent secret to Jxel126
[14:14:27] [VoiceChatPacketProcessingThread/INFO]: [voicechat] Successfully authenticated player c4c849dc-d3db-4038-9830-7bd6456c15e0
[14:14:28] [VoiceChatPacketProcessingThread/INFO]: [voicechat] Successfully validated connection of player c4c849dc-d3db-4038-9830-7bd6456c15e0
[14:14:28] [VoiceChatPacketProcessingThread/INFO]: [voicechat] Player Jxel126 (c4c849dc-d3db-4038-9830-7bd6456c15e0) successfully connected to voice chat
[14:31:12] [User Authenticator #7/INFO]: Disconnecting Korbi77 (/87.188.29.136:63889): [BB] You are permanently banned!
[14:31:12] [User Authenticator #7/INFO]: UUID of player Korbi77 is e1d809e4-5e84-426e-92a9-e58f0f15c5ca
[14:31:12] [Server thread/INFO]: Korbi77 (/87.188.29.136:63889) lost connection: [BB] You are permanently banned!
[14:36:36] [User Authenticator #8/INFO]: UUID of player BlockTOB is 56aa6573-e4c9-4886-ba0b-066708842d5a
[14:36:37] [Server thread/INFO]: 56aa6573-e4c9-4886-ba0b-066708842d5a
[14:36:37] [Server thread/INFO]: [VoiceServer] Permissions were successfully reloaded from config.yml.
[14:36:37] [Server thread/WARN]: [VoiceServer] Failed to remove permission attachment for BlockTOB: Given attachment is not part of Permissible object CraftPlayer{name=BlockTOB, uuid=56aa6573-e4c9-4886-ba0b-066708842d5a}
[14:36:37] [Server thread/INFO]: [+] BlockTOB hat den Server betreten
[14:36:37] [Server thread/INFO]: BlockTOB[/217.88.74.254:60002] logged in with entity id 97315 at ([world_crystalblock_stone]3.211412833586817, 112.0, -0.9793623700374784)
[14:36:37] [Server thread/INFO]: [voicechat] Received secret request of BlockTOB (20)
[14:36:37] [Server thread/INFO]: [voicechat] Sent secret to BlockTOB
[14:36:37] [VoiceChatPacketProcessingThread/INFO]: [voicechat] Successfully authenticated player 56aa6573-e4c9-4886-ba0b-066708842d5a
[14:36:38] [VoiceChatPacketProcessingThread/INFO]: [voicechat] Successfully validated connection of player 56aa6573-e4c9-4886-ba0b-066708842d5a
[14:36:38] [VoiceChatPacketProcessingThread/INFO]: [voicechat] Player BlockTOB (56aa6573-e4c9-4886-ba0b-066708842d5a) successfully connected to voice chat
[14:44:59] [User Authenticator #9/INFO]: UUID of player Jakomi1 is d6fa4a1b-6e3c-4e3e-a8f8-f7dd4c9ba290
[14:45:00] [Server thread/INFO]: d6fa4a1b-6e3c-4e3e-a8f8-f7dd4c9ba290
[14:45:00] [Server thread/INFO]: [VoiceServer] Permissions were successfully reloaded from config.yml.
[14:45:00] [Server thread/INFO]: [+] Jakomi1 hat den Server betreten
[14:45:00] [Server thread/INFO]: Jakomi1[/87.188.29.136:60158] logged in with entity id 136497 at ([world]-22.69999998807907, 128.0, -6.699999988079071)
[14:45:00] [Server thread/INFO]: [voicechat] Received secret request of Jakomi1 (20)
[14:45:00] [Server thread/INFO]: [voicechat] Sent secret to Jakomi1
[14:45:01] [VoiceChatPacketProcessingThread/INFO]: [voicechat] Successfully authenticated player d6fa4a1b-6e3c-4e3e-a8f8-f7dd4c9ba290
[14:45:02] [VoiceChatPacketProcessingThread/INFO]: [voicechat] Successfully validated connection of player d6fa4a1b-6e3c-4e3e-a8f8-f7dd4c9ba290
[14:45:02] [VoiceChatPacketProcessingThread/INFO]: [voicechat] Player Jakomi1 (d6fa4a1b-6e3c-4e3e-a8f8-f7dd4c9ba290) successfully connected to voice chat
[14:45:17] [User Authenticator #9/INFO]: UUID of player Fate_Karma is c4c21728-8f36-4612-a0ad-928eb894660b
[14:45:18] [Server thread/INFO]: c4c21728-8f36-4612-a0ad-928eb894660b
[14:45:18] [Server thread/INFO]: [VoiceServer] Permissions were successfully reloaded from config.yml.
[14:45:18] [Server thread/INFO]: [+] Fate_Karma hat den Server betreten
[14:45:18] [Server thread/INFO]: Fate_Karma[/209.198.153.42:26960] logged in with entity id 137922 at ([world]53.8047372305978, 131.0, 0.4189370333443426)
[14:45:18] [Server thread/INFO]: [voicechat] Received secret request of Fate_Karma (20)
[14:45:18] [Server thread/INFO]: [voicechat] Sent secret to Fate_Karma
[14:45:18] [VoiceChatPacketProcessingThread/INFO]: [voicechat] Successfully authenticated player c4c21728-8f36-4612-a0ad-928eb894660b
[14:45:19] [VoiceChatPacketProcessingThread/INFO]: [voicechat] Successfully validated connection of player c4c21728-8f36-4612-a0ad-928eb894660b
[14:45:19] [VoiceChatPacketProcessingThread/INFO]: [voicechat] Player Fate_Karma (c4c21728-8f36-4612-a0ad-928eb894660b) successfully connected to voice chat
[14:45:38] [Server thread/INFO]: [[O] Jakomi1: Set own game mode to Spectator Mode]
[14:45:40] [Server thread/INFO]: [[O] Jakomi1: Teleported [O] Jakomi1 to [S] BlockTOB]
[14:45:57] [Server thread/INFO]: Fate_Karma lost connection: Disconnected
[14:45:57] [Server thread/INFO]: [voicechat] Disconnecting client Fate_Karma
[14:45:57] [Server thread/INFO]: [-] Fate_Karma hat den Server verlassen
[14:46:04] [Server thread/INFO]: Jakomi1 lost connection: Disconnected
[14:46:04] [Server thread/INFO]: [voicechat] Disconnecting client Jakomi1
[14:46:04] [Server thread/INFO]: [-] Jakomi1 hat den Server verlassen
[14:47:17] [User Authenticator #10/INFO]: UUID of player General_1_18 is b340f679-df6f-49bf-950c-63043c56ab2f
[14:47:18] [Server thread/INFO]: b340f679-df6f-49bf-950c-63043c56ab2f
[14:47:18] [Server thread/INFO]: [VoiceServer] Permissions were successfully reloaded from config.yml.
[14:47:18] [Server thread/INFO]: [+] General_1_18 hat den Server betreten
[14:47:18] [Server thread/INFO]: General_1_18[/194.140.114.213:1774] logged in with entity id 147319 at ([world_crystalblock_stone]-139.3505485972343, 62.0, 5.562920069206224)
[14:47:19] [Server thread/INFO]: [voicechat] Received secret request of General_1_18 (20)
[14:47:19] [Server thread/INFO]: [voicechat] Sent secret to General_1_18
[14:47:20] [VoiceChatPacketProcessingThread/INFO]: [voicechat] Successfully authenticated player b340f679-df6f-49bf-950c-63043c56ab2f
[14:47:21] [VoiceChatPacketProcessingThread/INFO]: [voicechat] Successfully validated connection of player b340f679-df6f-49bf-950c-63043c56ab2f
[14:47:21] [VoiceChatPacketProcessingThread/INFO]: [voicechat] Player General_1_18 (b340f679-df6f-49bf-950c-63043c56ab2f) successfully connected to voice chat
[15:03:56] [User Authenticator #11/INFO]: UUID of player ItzzGizmo is 42d4c62e-28de-4cbf-8231-726ac6475750
[15:03:56] [Server thread/INFO]: 42d4c62e-28de-4cbf-8231-726ac6475750
[15:03:56] [Server thread/INFO]: [VoiceServer] Permissions were successfully reloaded from config.yml.
[15:03:56] [Server thread/INFO]: [+] ItzzGizmo hat den Server betreten
[15:03:56] [Server thread/INFO]: ItzzGizmo[/89.247.167.187:6142] logged in with entity id 220078 at ([world_crystalblock_sky]8.273828686902984, 60.0, 0.8338317028566232)
[15:03:57] [Server thread/INFO]: [voicechat] Received secret request of ItzzGizmo (20)
[15:03:57] [Server thread/INFO]: [voicechat] Sent secret to ItzzGizmo
[15:03:58] [VoiceChatPacketProcessingThread/INFO]: [voicechat] Successfully authenticated player 42d4c62e-28de-4cbf-8231-726ac6475750
[15:03:59] [VoiceChatPacketProcessingThread/INFO]: [voicechat] Successfully validated connection of player 42d4c62e-28de-4cbf-8231-726ac6475750
[15:03:59] [VoiceChatPacketProcessingThread/INFO]: [voicechat] Player ItzzGizmo (42d4c62e-28de-4cbf-8231-726ac6475750) successfully connected to voice chat
[15:04:21] [Async Chat Thread - #11/INFO]: [S] <ItzzGizmo> Jxel126?
[15:08:16] [User Authenticator #12/INFO]: UUID of player Enni_Craft is 1f78bb31-fac3-4362-b00f-b09717bca0ff
[15:08:17] [Server thread/INFO]: 1f78bb31-fac3-4362-b00f-b09717bca0ff
[15:08:17] [Server thread/INFO]: [VoiceServer] Permissions were successfully reloaded from config.yml.
[15:08:17] [Server thread/INFO]: [+] Enni_Craft hat den Server betreten
[15:08:17] [Server thread/INFO]: Enni_Craft[/87.166.150.58:59468] logged in with entity id 227333 at ([world_crystalblock_aetheria]-155.07642947274047, 114.0, -48.953287573273066)
[15:08:17] [Server thread/INFO]: [voicechat] Received secret request of Enni_Craft (20)
[15:08:17] [Server thread/INFO]: [voicechat] Sent secret to Enni_Craft
[15:08:18] [VoiceChatPacketProcessingThread/INFO]: [voicechat] Successfully authenticated player 1f78bb31-fac3-4362-b00f-b09717bca0ff
[15:08:19] [VoiceChatPacketProcessingThread/INFO]: [voicechat] Successfully validated connection of player 1f78bb31-fac3-4362-b00f-b09717bca0ff
[15:08:19] [VoiceChatPacketProcessingThread/INFO]: [voicechat] Player Enni_Craft (1f78bb31-fac3-4362-b00f-b09717bca0ff) successfully connected to voice chat
[15:17:08] [Async Chat Thread - #13/INFO]: [O] <Enni_Craft> Gizmo ?
[15:17:12] [Async Chat Thread - #13/INFO]: [S] <ItzzGizmo> was?
[15:17:21] [Async Chat Thread - #13/INFO]: [O] <Enni_Craft> können schweine eig was droppen ?
[15:17:37] [Async Chat Thread - #13/INFO]: [S] <ItzzGizmo> Wieso fragst du mich das?
[15:17:40] [Async Chat Thread - #13/INFO]: [O] <Enni_Craft> ka
[15:17:42] [Async Chat Thread - #13/INFO]: [O] <Enni_Craft> sry..w
[15:17:48] [Async Chat Thread - #13/INFO]: [S] <ItzzGizmo> Ich war da nur kurz bisher
[15:17:52] [Async Chat Thread - #13/INFO]: [O] <Enni_Craft> asoo
[15:18:02] [Async Chat Thread - #13/INFO]: [O] <Enni_Craft> trozdem dankö
[15:20:13] [User Authenticator #13/INFO]: UUID of player Jakomi1 is d6fa4a1b-6e3c-4e3e-a8f8-f7dd4c9ba290
[15:20:13] [Server thread/INFO]: d6fa4a1b-6e3c-4e3e-a8f8-f7dd4c9ba290
[15:20:13] [Server thread/INFO]: [VoiceServer] Permissions were successfully reloaded from config.yml.
[15:20:13] [Server thread/WARN]: [VoiceServer] Failed to remove permission attachment for Jakomi1: Given attachment is not part of Permissible object CraftPlayer{name=Jakomi1, uuid=d6fa4a1b-6e3c-4e3e-a8f8-f7dd4c9ba290}
[15:20:13] [Server thread/INFO]: [+] Jakomi1 hat den Server betreten
[15:20:13] [Server thread/INFO]: Jakomi1[/87.188.29.136:62459] logged in with entity id 281100 at ([world_crystalblock_stone]-2.7617109552530947, 63.85489591994439, -4.0986194072313165)
[15:20:13] [Server thread/INFO]: [voicechat] Received secret request of Jakomi1 (20)
[15:20:13] [Server thread/INFO]: [voicechat] Sent secret to Jakomi1
[15:20:13] [VoiceChatPacketProcessingThread/INFO]: [voicechat] Successfully authenticated player d6fa4a1b-6e3c-4e3e-a8f8-f7dd4c9ba290
[15:20:14] [VoiceChatPacketProcessingThread/INFO]: [voicechat] Successfully validated connection of player d6fa4a1b-6e3c-4e3e-a8f8-f7dd4c9ba290
[15:20:14] [VoiceChatPacketProcessingThread/INFO]: [voicechat] Player Jakomi1 (d6fa4a1b-6e3c-4e3e-a8f8-f7dd4c9ba290) successfully connected to voice chat
[15:20:17] [Server thread/INFO]: [[O] Jakomi1: Set own game mode to Spectator Mode]
[15:20:18] [Async Chat Thread - #15/INFO]: [O] <Enni_Craft> hey jakomi ^^
[15:20:18] [Server thread/INFO]: [[O] Jakomi1: Set own game mode to Survival Mode]
[15:20:19] [Server thread/INFO]: [O] Jakomi1 suffocated in a wall
[15:20:22] [Async Chat Thread - #15/INFO]: [O] <Enni_Craft> ggs..
[15:24:18] [Server thread/INFO]: [O] Jakomi1 fell from a high place
[15:24:35] [Server thread/INFO]: [O] Jakomi1 fell from a high place
[15:24:39] [Async Chat Thread - #18/INFO]: [O] <Enni_Craft> ggs..
[15:24:45] [Server thread/INFO]: [O] Jakomi1 fell from a high place
[15:25:40] [Region Ticking-1/INFO]: [S] General_1_18 was slain by Zombie
[15:27:59] [Server thread/INFO]: [O] Jakomi1 fell from a high place
[15:28:44] [User Authenticator #14/INFO]: UUID of player Nailimixam07 is 510f65d0-dea7-4f96-8c34-9f86d0d4a852
[15:28:44] [Server thread/INFO]: 510f65d0-dea7-4f96-8c34-9f86d0d4a852
[15:28:44] [Server thread/INFO]: [VoiceServer] Permissions were successfully reloaded from config.yml.
[15:28:44] [Server thread/INFO]: [+] Nailimixam07 hat den Server betreten
[15:28:44] [Server thread/INFO]: Nailimixam07[/93.232.222.46:59997] logged in with entity id 326451 at ([world_crystalblock_aetheria]-219.21656375046607, 129.125, -266.0775247416786)
[15:28:45] [Server thread/INFO]: [voicechat] Received secret request of Nailimixam07 (20)
[15:28:45] [Server thread/INFO]: [voicechat] Sent secret to Nailimixam07
[15:28:45] [VoiceChatPacketProcessingThread/INFO]: [voicechat] Successfully authenticated player 510f65d0-dea7-4f96-8c34-9f86d0d4a852
[15:28:46] [VoiceChatPacketProcessingThread/INFO]: [voicechat] Successfully validated connection of player 510f65d0-dea7-4f96-8c34-9f86d0d4a852
[15:28:46] [VoiceChatPacketProcessingThread/INFO]: [voicechat] Player Nailimixam07 (510f65d0-dea7-4f96-8c34-9f86d0d4a852) successfully connected to voice chat
[15:30:06] [Server thread/INFO]: [O] Jakomi1 fell from a high place
[15:31:14] [Server thread/INFO]: [O] Jakomi1 fell from a high place
[15:34:31] [Server thread/INFO]: [O] Jakomi1 fell from a high place
[15:36:30] [Region Ticking-3/INFO]: [S] General_1_18 was slain by Zombie Villager
[15:36:53] [Server thread/INFO]: [O] Jakomi1 fell from a high place
[15:39:11] [Server thread/INFO]: [O] Jakomi1 has made the advancement [Acquire Hardware]
[15:39:40] [Server thread/INFO]: [O] Jakomi1 fell from a high place
[15:39:50] [Region Ticking-3/INFO]: [O] Enni_Craft was speared by Antiker Wächter
[15:39:54] [Async Chat Thread - #26/INFO]: [O] <Enni_Craft> one hit ?
[15:39:58] [Async Chat Thread - #26/INFO]: [O] <Enni_Craft> COME ONE
[15:40:02] [Async Chat Thread - #26/INFO]: [O] <Jakomi1> hahahaha
[15:40:11] [Async Chat Thread - #26/INFO]: [O] <Enni_Craft> . _ .
[15:41:13] [Async Chat Thread - #27/INFO]: [O] <Enni_Craft> brauch man eig mehr Bergbau XP für eisen ?
[15:41:21] [Async Chat Thread - #27/INFO]: [S] <ItzzGizmo> ja
[15:41:34] [Async Chat Thread - #27/INFO]: [O] <Enni_Craft> man..
[15:42:03] [Async Chat Thread - #27/INFO]: [S] <Jxel126> kann gerade so gold abbauen ._.
[15:42:12] [Async Chat Thread - #27/INFO]: [O] <Enni_Craft> . _ .
[15:42:22] [Async Chat Thread - #27/INFO]: [O] <Enni_Craft> Die stimmen..
[15:42:26] [Async Chat Thread - #27/INFO]: [O] <Enni_Craft> SIE WERDEN LAUTEr
[15:42:29] [Async Chat Thread - #27/INFO]: [O] <Enni_Craft> ahhhh
[15:42:44] [Async Chat Thread - #27/INFO]: [O] <Enni_Craft> hab ja gor keine :D
[15:42:51] [Async Chat Thread - #27/INFO]: [O] <Enni_Craft> Jakomi wie ist bei dir ?
[15:42:58] [Async Chat Thread - #27/INFO]: [S] <Jxel126> is tafk gerade
[15:43:05] [Async Chat Thread - #27/INFO]: [O] <Enni_Craft> ...
[15:43:10] [Async Chat Thread - #27/INFO]: [O] <Enni_Craft> grr
[15:43:40] [User Authenticator #15/INFO]: UUID of player HalloJost is 6ba782be-0a31-49c6-b1f4-f6fafc30e2ea
[15:43:40] [Server thread/INFO]: 6ba782be-0a31-49c6-b1f4-f6fafc30e2ea
[15:43:40] [Server thread/INFO]: [VoiceServer] Permissions were successfully reloaded from config.yml.
[15:43:40] [Server thread/INFO]: [+] HalloJost hat den Server betreten
[15:43:40] [Server thread/INFO]: HalloJost[/95.33.103.113:59263] logged in with entity id 403154 at ([world_crystalblock_sky]-11.551405799693496, 60.0, 6.454007612260424)
[15:43:41] [Server thread/INFO]: [voicechat] Received secret request of HalloJost (20)
[15:43:41] [Server thread/INFO]: [voicechat] Sent secret to HalloJost
[15:43:42] [VoiceChatPacketProcessingThread/INFO]: [voicechat] Successfully authenticated player 6ba782be-0a31-49c6-b1f4-f6fafc30e2ea
[15:43:43] [VoiceChatPacketProcessingThread/INFO]: [voicechat] Successfully validated connection of player 6ba782be-0a31-49c6-b1f4-f6fafc30e2ea
[15:43:43] [VoiceChatPacketProcessingThread/INFO]: [voicechat] Player HalloJost (6ba782be-0a31-49c6-b1f4-f6fafc30e2ea) successfully connected to voice chat
[15:51:34] [Server thread/INFO]: Redstone_Craft__ (/31.220.65.56:65029) lost connection: Disconnected
[15:51:43] [Server thread/INFO]: Redstone_Craft__ (/31.220.65.56:63991) lost connection: Disconnected
[15:52:08] [User Authenticator #16/INFO]: UUID of player Redstone_Craft__ is ddb05115-9ecd-4489-92b6-a9589f0e5074
[15:52:09] [Server thread/INFO]: ddb05115-9ecd-4489-92b6-a9589f0e5074
[15:52:09] [Server thread/INFO]: [VoiceServer] Permissions were successfully reloaded from config.yml.
[15:52:09] [Server thread/INFO]: [+] Redstone_Craft__ hat den Server betreten
[15:52:09] [Server thread/INFO]: Redstone_Craft__[/31.220.65.56:59068] logged in with entity id 447678 at ([world_crystalblock_stone]3.729999989271164, 112.0, 1.4339469150165656)
[15:52:09] [Server thread/INFO]: [voicechat] Received secret request of Redstone_Craft__ (20)
[15:52:09] [Server thread/INFO]: [voicechat] Sent secret to Redstone_Craft__
[15:52:09] [VoiceChatPacketProcessingThread/INFO]: [voicechat] Successfully authenticated player ddb05115-9ecd-4489-92b6-a9589f0e5074
[15:52:10] [VoiceChatPacketProcessingThread/INFO]: [voicechat] Successfully validated connection of player ddb05115-9ecd-4489-92b6-a9589f0e5074
[15:52:10] [VoiceChatPacketProcessingThread/INFO]: [voicechat] Player Redstone_Craft__ (ddb05115-9ecd-4489-92b6-a9589f0e5074) successfully connected to voice chat
[15:52:36] [Server thread/INFO]: BlockTOB lost connection: Disconnected
[15:52:36] [Server thread/INFO]: [voicechat] Disconnecting client BlockTOB
[15:52:36] [Server thread/INFO]: [-] BlockTOB hat den Server verlassen
[15:52:40] [Server thread/INFO]: General_1_18 lost connection: Disconnected
[15:52:40] [Server thread/INFO]: [voicechat] Disconnecting client General_1_18
[15:52:40] [Server thread/INFO]: [-] General_1_18 hat den Server verlassen
[15:54:36] [VoiceChatPacketProcessingThread/INFO]: [voicechat] Player 510f65d0-dea7-4f96-8c34-9f86d0d4a852 timed out
[15:54:36] [VoiceChatPacketProcessingThread/INFO]: [voicechat] Reconnecting player Nailimixam07
[15:54:36] [VoiceChatPacketProcessingThread/INFO]: [voicechat] Sent secret to Nailimixam07
[15:54:36] [VoiceChatPacketProcessingThread/INFO]: [voicechat] Successfully authenticated player 510f65d0-dea7-4f96-8c34-9f86d0d4a852
[15:54:37] [VoiceChatPacketProcessingThread/INFO]: [voicechat] Successfully validated connection of player 510f65d0-dea7-4f96-8c34-9f86d0d4a852
[15:54:37] [VoiceChatPacketProcessingThread/INFO]: [voicechat] Player Nailimixam07 (510f65d0-dea7-4f96-8c34-9f86d0d4a852) successfully connected to voice chat
[15:55:28] [Server thread/INFO]: Stopping the server
[15:55:28] [Server thread/INFO]: Stopping server
[15:55:28] [Server thread/INFO]: [PurpurExtras] Disabling PurpurExtras v1.37.1
[15:55:28] [Server thread/INFO]: [VoiceServer] Disabling VoiceServer v1.3.0
[15:55:28] [Server thread/INFO]: [BetterBan] Disabling BetterBan v1.2.0
[15:55:28] [Server thread/INFO]: [CoreProtect] Disabling CoreProtect v23.1
[15:55:28] [Server thread/INFO]: [CoreProtect] Finishing up data logging. Please wait...
[15:55:29] [Server thread/INFO]: [CoreProtect] Success! Disabled CoreProtect v23.1
[15:55:29] [Server thread/INFO]: [Crystalblock2] Disabling Crystalblock2 v1.0.0
[15:55:29] [Server thread/INFO]: [Crystalblock2] Datenbank getrennt.
[15:55:29] [Server thread/INFO]: [GSit] Disabling GSit v3.3.1
[15:55:29] [Server thread/INFO]: [GSit] The plugin was successfully disabled.
[15:55:29] [Server thread/INFO]: [InvSee++] Disabling InvSeePlusPlus v0.30.15
[15:55:29] [Server thread/INFO]: [voicechat] Disabling voicechat v2.6.11
[15:55:29] [Server thread/INFO]: Saving players
[15:55:29] [Server thread/INFO]: KabeljauNation lost connection: Server closed
[15:55:29] [Server thread/INFO]: KabeljauNation left the game
[15:55:29] [Server thread/INFO]: Jxel126 lost connection: Server closed
[15:55:29] [Server thread/INFO]: Jxel126 left the game
[15:55:29] [Server thread/INFO]: ItzzGizmo lost connection: Server closed
[15:55:29] [Server thread/INFO]: ItzzGizmo left the game
[15:55:29] [Server thread/INFO]: Nailimixam07 lost connection: Server closed
[15:55:29] [Server thread/INFO]: Nailimixam07 left the game
[15:55:29] [Server thread/INFO]: Jakomi1 lost connection: Server closed
[15:55:29] [Server thread/INFO]: Jakomi1 left the game
[15:55:29] [Server thread/INFO]: Enni_Craft lost connection: Server closed
[15:55:29] [Server thread/INFO]: Enni_Craft left the game
[15:55:29] [Server thread/INFO]: HalloJost lost connection: Server closed
[15:55:29] [Server thread/INFO]: HalloJost left the game
[15:55:29] [Server thread/INFO]: Redstone_Craft__ lost connection: Server closed
[15:55:29] [Server thread/INFO]: Redstone_Craft__ left the game
[15:55:29] [Server thread/INFO]: Saving worlds
[15:55:29] [Server thread/INFO]: Saving chunks for level 'ServerLevel[world]'/minecraft:overworld
[15:55:29] [Server thread/INFO]: [ChunkHolderManager] Waiting 60s for chunk system to halt for world 'world'
[15:55:29] [Server thread/INFO]: [ChunkHolderManager] Halted chunk system for world 'world'
[15:55:29] [Server thread/INFO]: [ChunkHolderManager] Saving all chunkholders for world 'world'
[15:55:30] [Server thread/INFO]: [ChunkHolderManager] Saved 0 block chunks, 23 entity chunks, 0 poi chunks in world 'world' in 0.04s
[15:55:30] [Server thread/INFO]: [ChunkHolderManager] Waiting 60s for chunk I/O to halt for world 'world'
[15:55:30] [Server thread/INFO]: [ChunkHolderManager] Halted I/O scheduler for world 'world'
[15:55:30] [Server thread/INFO]: Saving chunks for level 'ServerLevel[world_crystalblock_aetheria]'/crystalblock:aetheria
[15:55:30] [Server thread/INFO]: [ChunkHolderManager] Waiting 60s for chunk system to halt for world 'world_crystalblock_aetheria'
[15:55:30] [Server thread/INFO]: [ChunkHolderManager] Halted chunk system for world 'world_crystalblock_aetheria'
[15:55:30] [Server thread/INFO]: [ChunkHolderManager] Saving all chunkholders for world 'world_crystalblock_aetheria'
[15:55:30] [Server thread/INFO]: [ChunkHolderManager] Saved 20 block chunks, 153 entity chunks, 0 poi chunks in world 'world_crystalblock_aetheria' in 0.06s
[15:55:30] [Server thread/INFO]: [ChunkHolderManager] Waiting 60s for chunk I/O to halt for world 'world_crystalblock_aetheria'
[15:55:30] [Server thread/INFO]: [ChunkHolderManager] Halted I/O scheduler for world 'world_crystalblock_aetheria'
[15:55:30] [Server thread/INFO]: Saving chunks for level 'ServerLevel[world_crystalblock_nether]'/crystalblock:nether
[15:55:30] [Server thread/INFO]: [ChunkHolderManager] Waiting 60s for chunk system to halt for world 'world_crystalblock_nether'
[15:55:30] [Server thread/INFO]: [ChunkHolderManager] Halted chunk system for world 'world_crystalblock_nether'
[15:55:30] [Server thread/INFO]: [ChunkHolderManager] Saving all chunkholders for world 'world_crystalblock_nether'
[15:55:30] [Server thread/INFO]: [ChunkHolderManager] Saved 0 block chunks, 16 entity chunks, 0 poi chunks in world 'world_crystalblock_nether' in 0.03s
[15:55:30] [Server thread/INFO]: [ChunkHolderManager] Waiting 60s for chunk I/O to halt for world 'world_crystalblock_nether'
[15:55:30] [Server thread/INFO]: [ChunkHolderManager] Halted I/O scheduler for world 'world_crystalblock_nether'
[15:55:30] [Server thread/INFO]: Saving chunks for level 'ServerLevel[world_preset_preset]'/preset:preset
[15:55:30] [Server thread/INFO]: [ChunkHolderManager] Waiting 60s for chunk system to halt for world 'world_preset_preset'
[15:55:30] [Server thread/INFO]: [ChunkHolderManager] Halted chunk system for world 'world_preset_preset'
[15:55:30] [Server thread/INFO]: [ChunkHolderManager] Saving all chunkholders for world 'world_preset_preset'
[15:55:30] [Server thread/INFO]: [ChunkHolderManager] Saved 0 block chunks, 0 entity chunks, 0 poi chunks in world 'world_preset_preset' in 0.00s
[15:55:30] [Server thread/INFO]: [ChunkHolderManager] Waiting 60s for chunk I/O to halt for world 'world_preset_preset'
[15:55:30] [Server thread/INFO]: [ChunkHolderManager] Halted I/O scheduler for world 'world_preset_preset'
[15:55:30] [Server thread/INFO]: Saving chunks for level 'ServerLevel[world_crystalblock_sky]'/crystalblock:sky
[15:55:30] [Server thread/INFO]: [ChunkHolderManager] Waiting 60s for chunk system to halt for world 'world_crystalblock_sky'
[15:55:30] [Server thread/INFO]: [ChunkHolderManager] Halted chunk system for world 'world_crystalblock_sky'
[15:55:30] [Server thread/INFO]: [ChunkHolderManager] Saving all chunkholders for world 'world_crystalblock_sky'
[15:55:30] [Server thread/INFO]: [ChunkHolderManager] Saved 15 block chunks, 44 entity chunks, 0 poi chunks in world 'world_crystalblock_sky' in 0.07s
[15:55:30] [Server thread/INFO]: [ChunkHolderManager] Waiting 60s for chunk I/O to halt for world 'world_crystalblock_sky'
[15:55:30] [Server thread/INFO]: [ChunkHolderManager] Halted I/O scheduler for world 'world_crystalblock_sky'
[15:55:30] [Server thread/INFO]: Saving chunks for level 'ServerLevel[world_crystalblock_bossroom]'/crystalblock:bossroom
[15:55:30] [Server thread/INFO]: [ChunkHolderManager] Waiting 60s for chunk system to halt for world 'world_crystalblock_bossroom'
[15:55:30] [Server thread/INFO]: [ChunkHolderManager] Halted chunk system for world 'world_crystalblock_bossroom'
[15:55:30] [Server thread/INFO]: [ChunkHolderManager] Saving all chunkholders for world 'world_crystalblock_bossroom'
[15:55:30] [Server thread/INFO]: [ChunkHolderManager] Saved 0 block chunks, 1 entity chunks, 0 poi chunks in world 'world_crystalblock_bossroom' in 0.01s
[15:55:30] [Server thread/INFO]: [ChunkHolderManager] Waiting 60s for chunk I/O to halt for world 'world_crystalblock_bossroom'
[15:55:30] [Server thread/INFO]: [ChunkHolderManager] Halted I/O scheduler for world 'world_crystalblock_bossroom'
[15:55:30] [Server thread/INFO]: Saving chunks for level 'ServerLevel[world_crystalblock_stone]'/crystalblock:stone
[15:55:30] [Server thread/INFO]: [ChunkHolderManager] Waiting 60s for chunk system to halt for world 'world_crystalblock_stone'
[15:55:30] [Server thread/INFO]: [ChunkHolderManager] Halted chunk system for world 'world_crystalblock_stone'
[15:55:30] [Server thread/INFO]: [ChunkHolderManager] Saving all chunkholders for world 'world_crystalblock_stone'
[15:55:30] [Server thread/INFO]: [ChunkHolderManager] Saved 18 block chunks, 24 entity chunks, 0 poi chunks in world 'world_crystalblock_stone' in 0.04s
[15:55:30] [Server thread/INFO]: [ChunkHolderManager] Waiting 60s for chunk I/O to halt for world 'world_crystalblock_stone'
[15:55:30] [Server thread/INFO]: [ChunkHolderManager] Halted I/O scheduler for world 'world_crystalblock_stone'
[15:55:30] [Server thread/INFO]: Saving chunks for level 'ServerLevel[world_crystalblock_void]'/crystalblock:void
[15:55:30] [Server thread/INFO]: [ChunkHolderManager] Waiting 60s for chunk system to halt for world 'world_crystalblock_void'
[15:55:30] [Server thread/INFO]: [ChunkHolderManager] Halted chunk system for world 'world_crystalblock_void'
[15:55:30] [Server thread/INFO]: [ChunkHolderManager] Saving all chunkholders for world 'world_crystalblock_void'
[15:55:30] [Server thread/INFO]: [ChunkHolderManager] Saved 0 block chunks, 9 entity chunks, 0 poi chunks in world 'world_crystalblock_void' in 0.02s
[15:55:30] [Server thread/INFO]: [ChunkHolderManager] Waiting 60s for chunk I/O to halt for world 'world_crystalblock_void'
[15:55:30] [Server thread/INFO]: [ChunkHolderManager] Halted I/O scheduler for world 'world_crystalblock_void'
[15:55:30] [Server thread/INFO]: Saving chunks for level 'ServerLevel[world_crystalblock_ocean]'/crystalblock:ocean
[15:55:30] [Server thread/INFO]: [ChunkHolderManager] Waiting 60s for chunk system to halt for world 'world_crystalblock_ocean'
[15:55:30] [Server thread/INFO]: [ChunkHolderManager] Halted chunk system for world 'world_crystalblock_ocean'
[15:55:30] [Server thread/INFO]: [ChunkHolderManager] Saving all chunkholders for world 'world_crystalblock_ocean'
[15:55:30] [Server thread/INFO]: [ChunkHolderManager] Saved 10 block chunks, 24 entity chunks, 0 poi chunks in world 'world_crystalblock_ocean' in 0.03s
[15:55:30] [Server thread/INFO]: [ChunkHolderManager] Waiting 60s for chunk I/O to halt for world 'world_crystalblock_ocean'
[15:55:30] [Server thread/INFO]: [ChunkHolderManager] Halted I/O scheduler for world 'world_crystalblock_ocean'
[15:55:30] [Server thread/INFO]: ThreadedChunkStorage (world): All chunks are saved
[15:55:30] [Server thread/INFO]: ThreadedChunkStorage (aetheria): All chunks are saved
[15:55:30] [Server thread/INFO]: ThreadedChunkStorage (nether): All chunks are saved
[15:55:30] [Server thread/INFO]: ThreadedChunkStorage (preset): All chunks are saved
[15:55:30] [Server thread/INFO]: ThreadedChunkStorage (sky): All chunks are saved
[15:55:30] [Server thread/INFO]: ThreadedChunkStorage (bossroom): All chunks are saved
[15:55:30] [Server thread/INFO]: ThreadedChunkStorage (stone): All chunks are saved
[15:55:30] [Server thread/INFO]: ThreadedChunkStorage (void): All chunks are saved
[15:55:30] [Server thread/INFO]: ThreadedChunkStorage (ocean): All chunks are saved
[15:55:30] [Server thread/INFO]: ThreadedChunkStorage: All dimensions are saved
[15:55:30] [Server thread/INFO]: Waiting for all RegionFile I/O tasks to complete...
[15:55:30] [Server thread/INFO]: All RegionFile I/O tasks to complete
[15:55:30] [Server thread/INFO]: [MoonriseCommon] Awaiting termination of worker pool for up to 60s...
[15:55:30] [Server thread/INFO]: [MoonriseCommon] Awaiting termination of I/O pool for up to 60s...
[15:55:30] [Server thread/INFO]: [ExecutorShutdown] Shutting down mob spawn executor...
[15:55:30] [Server thread/INFO]: [ExecutorShutdown] Shutting down async chunk send executor...
[15:55:30] [Server thread/INFO]: [ExecutorShutdown] Shutting down mob tracker executor...
[15:55:30] [Server thread/INFO]: [ExecutorShutdown] Shutting down mob pathfinding processing executor...
