[00:00:01] [Async Chat Thread - #141/INFO]: [S] <Jxel126> da man einen blauen juwel braucht würd ich ein raffiniertes holz dafür nehmen
[00:00:45] [Async Chat Thread - #141/INFO]: [V] <DerMubbl> ok ich farm dann mal aber komm mal kurzt zu spawn
[00:01:05] [Async Chat Thread - #141/INFO]: [S] <Jxel126> yess
[00:01:16] [Region Ticking-1/INFO]: [S] General_1_18 was blown up by Creeper
[00:02:16] [Region Ticking-4/INFO]: [O] Jo_h_ was blown up by Creeper
[00:08:43] [Region Ticking-3/INFO]: [S] General_1_18 was blown up by Creeper
[00:09:35] [Async Chat Thread - #143/INFO]: [V] <DerMubbl> aber wie kann man blauen juwel das man die monster essenz bekommt
[00:09:51] [Region Ticking-2/INFO]: [O] Jo_h_ blew up
[00:10:36] [Async Chat Thread - #145/INFO]: [S] <HalloJost> musst dir ein schwert beim jäger kaufen womit du in deiner demension monster essenz mit einer kleinen warscheinlichkeit bekommst
[00:10:56] [Async Chat Thread - #145/INFO]: [V] <DerMubbl> oh
[00:11:06] [Async Chat Thread - #145/INFO]: [S] <HalloJost> warum viele leute bei joel kaufen ist das er in sky ist und dort die mob farm am besten ist
[00:12:52] [Async Chat Thread - #147/INFO]: [V] <DerMubbl> ist moss gut
[00:13:02] [Async Chat Thread - #147/INFO]: [S] <HalloJost> in wie fern
[00:13:46] [Async Chat Thread - #147/INFO]: [V] <DerMubbl> hab letztens ein mos block von nehm ender man bekomm
[00:13:55] [Async Chat Thread - #147/INFO]: [V] <DerMubbl> moss
[00:19:51] [User Authenticator #44/INFO]: UUID of player Korbi77 is e1d809e4-5e84-426e-92a9-e58f0f15c5ca
[00:19:51] [Server thread/INFO]: e1d809e4-5e84-426e-92a9-e58f0f15c5ca
[00:19:51] [Server thread/INFO]: [VoiceServer] Permissions were successfully reloaded from config.yml.
[00:19:51] [Server thread/WARN]: [VoiceServer] Failed to remove permission attachment for Korbi77: Given attachment is not part of Permissible object CraftPlayer{name=Korbi77, uuid=e1d809e4-5e84-426e-92a9-e58f0f15c5ca}
[00:19:51] [Server thread/INFO]: [+] Korbi77 hat den Server betreten
[00:19:51] [Server thread/INFO]: Korbi77[/87.188.29.136:62940] logged in with entity id 2846183 at ([world_crystalblock_aetheria]89.56417635430803, 57.0, 46.413082441608395)
[00:19:51] [Server thread/INFO]: [voicechat] Received secret request of Korbi77 (20)
[00:19:51] [Server thread/INFO]: [voicechat] Sent secret to Korbi77
[00:19:52] [VoiceChatPacketProcessingThread/INFO]: [voicechat] Successfully authenticated player e1d809e4-5e84-426e-92a9-e58f0f15c5ca
[00:19:53] [VoiceChatPacketProcessingThread/INFO]: [voicechat] Successfully validated connection of player e1d809e4-5e84-426e-92a9-e58f0f15c5ca
[00:19:53] [VoiceChatPacketProcessingThread/INFO]: [voicechat] Player Korbi77 (e1d809e4-5e84-426e-92a9-e58f0f15c5ca) successfully connected to voice chat
[00:20:41] [Region Ticking-3/INFO]: [S] General_1_18 was blown up by Creeper
[00:22:22] [Server thread/INFO]: DerMubbl lost connection: Disconnected
[00:22:22] [Server thread/INFO]: [voicechat] Disconnecting client DerMubbl
[00:22:22] [Server thread/INFO]: [-] DerMubbl hat den Server verlassen
[00:26:49] [Server thread/INFO]: General_1_18 lost connection: Disconnected
[00:26:49] [Server thread/INFO]: [voicechat] Disconnecting client General_1_18
[00:26:49] [Server thread/INFO]: [-] General_1_18 hat den Server verlassen
[00:28:21] [User Authenticator #45/INFO]: UUID of player Jakomi1 is d6fa4a1b-6e3c-4e3e-a8f8-f7dd4c9ba290
[00:28:22] [Server thread/INFO]: d6fa4a1b-6e3c-4e3e-a8f8-f7dd4c9ba290
[00:28:22] [Server thread/INFO]: [VoiceServer] Permissions were successfully reloaded from config.yml.
[00:28:22] [Server thread/WARN]: [VoiceServer] Failed to remove permission attachment for Jakomi1: Given attachment is not part of Permissible object CraftPlayer{name=Jakomi1, uuid=d6fa4a1b-6e3c-4e3e-a8f8-f7dd4c9ba290}
[00:28:22] [Server thread/INFO]: [+] Jakomi1 hat den Server betreten
[00:28:22] [Server thread/INFO]: Jakomi1[/87.188.29.136:60375] logged in with entity id 2850739 at ([world]-13.285071744261932, 131.9375, -13.792222334515799)
[00:28:22] [Server thread/INFO]: [voicechat] Received secret request of Jakomi1 (20)
[00:28:22] [Server thread/INFO]: [voicechat] Sent secret to Jakomi1
[00:28:22] [VoiceChatPacketProcessingThread/INFO]: [voicechat] Successfully authenticated player d6fa4a1b-6e3c-4e3e-a8f8-f7dd4c9ba290
[00:28:23] [VoiceChatPacketProcessingThread/INFO]: [voicechat] Successfully validated connection of player d6fa4a1b-6e3c-4e3e-a8f8-f7dd4c9ba290
[00:28:23] [VoiceChatPacketProcessingThread/INFO]: [voicechat] Player Jakomi1 (d6fa4a1b-6e3c-4e3e-a8f8-f7dd4c9ba290) successfully connected to voice chat
[00:28:26] [Async Chat Thread - #151/INFO]: [O] <Jakomi1> korbi?
[00:28:30] [Async Chat Thread - #151/INFO]: [O] <Jakomi1> haha
[00:28:40] [Async Chat Thread - #151/INFO]: [O] <Jakomi1> geh pennen bro
[00:28:42] [Server thread/INFO]: [[O] Jakomi1: Set own game mode to Spectator Mode]
[00:28:46] [Async Chat Thread - #151/INFO]: [S] <Korbi77> *afk*
[00:28:48] [Server thread/INFO]: [[O] Jakomi1: Set own game mode to Spectator Mode]
[00:28:49] [Server thread/INFO]: [[O] Jakomi1: Set own game mode to Survival Mode]
[00:28:53] [Async Chat Thread - #151/INFO]: [O] <Jakomi1> AFK
[00:28:54] [Server thread/INFO]: [[O] Jakomi1: Set own game mode to Spectator Mode]
[00:28:55] [Async Chat Thread - #151/INFO]: [O] <Jakomi1> HHAHAHA
[00:28:59] [User Authenticator #45/INFO]: UUID of player General_1_18 is b340f679-df6f-49bf-950c-63043c56ab2f
[00:29:00] [Server thread/INFO]: b340f679-df6f-49bf-950c-63043c56ab2f
[00:29:00] [Server thread/INFO]: [VoiceServer] Permissions were successfully reloaded from config.yml.
[00:29:00] [Server thread/WARN]: [VoiceServer] Failed to remove permission attachment for General_1_18: Given attachment is not part of Permissible object CraftPlayer{name=General_1_18, uuid=b340f679-df6f-49bf-950c-63043c56ab2f}
[00:29:00] [Server thread/INFO]: [+] General_1_18 hat den Server betreten
[00:29:00] [Server thread/INFO]: General_1_18[/194.140.114.213:46234] logged in with entity id 2851632 at ([world_crystalblock_stone]-126.49758494912449, 51.0, -19.842618765850958)
[00:29:00] [Server thread/INFO]: [voicechat] Received secret request of General_1_18 (20)
[00:29:00] [Server thread/INFO]: [voicechat] Sent secret to General_1_18
[00:29:00] [Server thread/INFO]: [[O] Jakomi1: Set own game mode to Spectator Mode]
[00:29:00] [VoiceChatPacketProcessingThread/INFO]: [voicechat] Successfully authenticated player b340f679-df6f-49bf-950c-63043c56ab2f
[00:29:01] [VoiceChatPacketProcessingThread/INFO]: [voicechat] Successfully validated connection of player b340f679-df6f-49bf-950c-63043c56ab2f
[00:29:01] [VoiceChatPacketProcessingThread/INFO]: [voicechat] Player General_1_18 (b340f679-df6f-49bf-950c-63043c56ab2f) successfully connected to voice chat
[00:29:04] [Async Chat Thread - #151/INFO]: [S] <Korbi77> Du hast nix gesehen
[00:29:04] [Async Chat Thread - #151/INFO]: [O] <Jakomi1> Im dungeon
[00:29:09] [Async Chat Thread - #151/INFO]: [O] <Jakomi1> HAHAHAHAH
[00:29:11] [Async Chat Thread - #151/INFO]: [O] <Jakomi1> du wixxer
[00:29:13] [Async Chat Thread - #151/INFO]: [O] <Jakomi1> soory
[00:29:17] [Server thread/INFO]: Korbi77 lost connection: [BB] You have been kicked from the server!
[00:29:17] [Server thread/INFO]: [voicechat] Disconnecting client Korbi77
[00:29:17] [Server thread/INFO]: [-] Korbi77 hat den Server verlassen
[00:29:20] [User Authenticator #45/INFO]: UUID of player Korbi77 is e1d809e4-5e84-426e-92a9-e58f0f15c5ca
[00:29:21] [Server thread/INFO]: e1d809e4-5e84-426e-92a9-e58f0f15c5ca
[00:29:21] [Server thread/INFO]: [VoiceServer] Permissions were successfully reloaded from config.yml.
[00:29:21] [Server thread/WARN]: [VoiceServer] Failed to remove permission attachment for Korbi77: Given attachment is not part of Permissible object CraftPlayer{name=Korbi77, uuid=e1d809e4-5e84-426e-92a9-e58f0f15c5ca}
[00:29:21] [Server thread/INFO]: [+] Korbi77 hat den Server betreten
[00:29:21] [Server thread/INFO]: Korbi77[/87.188.29.136:59554] logged in with entity id 2852186 at ([world_crystalblock_aetheria]75.51714009398344, 43.0, 105.83609525828362)
[00:29:21] [Server thread/INFO]: [voicechat] Received secret request of Korbi77 (20)
[00:29:21] [Server thread/INFO]: [voicechat] Sent secret to Korbi77
[00:29:21] [VoiceChatPacketProcessingThread/INFO]: [voicechat] Successfully authenticated player e1d809e4-5e84-426e-92a9-e58f0f15c5ca
[00:29:22] [VoiceChatPacketProcessingThread/INFO]: [voicechat] Successfully validated connection of player e1d809e4-5e84-426e-92a9-e58f0f15c5ca
[00:29:22] [VoiceChatPacketProcessingThread/INFO]: [voicechat] Player Korbi77 (e1d809e4-5e84-426e-92a9-e58f0f15c5ca) successfully connected to voice chat
[00:29:26] [Async Chat Thread - #151/INFO]: [O] <Jakomi1> GEH SCHLAFEN
[00:29:30] [Async Chat Thread - #151/INFO]: [O] <Jakomi1> meine fresse
[00:29:36] [Async Chat Thread - #151/INFO]: [S] <Korbi77> shill ja?
[00:29:40] [Async Chat Thread - #152/INFO]: [O] <Jakomi1> nah uh
[00:29:40] [Async Chat Thread - #152/INFO]: [S] <Korbi77> *chill
[00:29:47] [Async Chat Thread - #152/INFO]: [O] <Jakomi1> das hat konsequenzen mein lieber
[00:30:10] [Async Chat Thread - #152/INFO]: [S] <Korbi77> Petzen = schläge
[00:30:28] [Async Chat Thread - #152/INFO]: [S] <Korbi77> Hab eh nur noch 70 arrows
[00:30:38] [Async Chat Thread - #152/INFO]: [O] <Jakomi1> sei halt nd ganz so blöd und lass dich dann halt nd erwischen
[00:30:48] [Region Ticking-3/INFO]: [S] Korbi77 was slain by Tiefen Krieger
[00:30:51] [Async Chat Thread - #152/INFO]: [S] <HalloJost> L
[00:30:53] [Async Chat Thread - #152/INFO]: [O] <Jakomi1> Paragraph 223 StGB
[00:30:59] [Async Chat Thread - #151/INFO]: [S] <Korbi77> soll ich riechen dass du on kommst
[00:31:01] [Async Chat Thread - #151/INFO]: [O] <Jakomi1> Körperverlettung
[00:31:08] [Region Ticking-3/INFO]: [S] General_1_18 was blown up by Creeper
[00:31:30] [Region Ticking-4/INFO]: [S] Korbi77 was blown up by Creeper
[00:31:35] [Async Chat Thread - #152/INFO]: [S] <General_1_18> W
[00:31:53] [Async Chat Thread - #152/INFO]: [O] <Jakomi1> ich geh jz pennen
[00:31:58] [Async Chat Thread - #152/INFO]: [O] <Jakomi1> du auch
[00:32:06] [Async Chat Thread - #152/INFO]: [S] <Korbi77> Ok
[00:32:07] [Async Chat Thread - #152/INFO]: [O] <Jakomi1> ich seh wann du off gehst
[00:32:08] [Async Chat Thread - #152/INFO]: [S] <Korbi77> 10m
[00:32:10] [Async Chat Thread - #152/INFO]: [O] <Jakomi1> jaja
[00:32:23] [Async Chat Thread - #152/INFO]: [O] <Jakomi1> ^^
[00:32:25] [Async Chat Thread - #152/INFO]: [S] <HalloJost> 19meter?
[00:32:27] [Async Chat Thread - #152/INFO]: [S] <HalloJost> 10
[00:32:39] [Async Chat Thread - #151/INFO]: [O] <Jakomi1> 10 schläge in deine fresse jost
[00:32:40] [Async Chat Thread - #152/INFO]: [O] <Jakomi1> ^^
[00:32:43] [Async Chat Thread - #152/INFO]: [O] <Jakomi1> nur liebe
[00:32:44] [Server thread/INFO]: Jakomi1 lost connection: Disconnected
[00:32:44] [Server thread/INFO]: [voicechat] Disconnecting client Jakomi1
[00:32:44] [Server thread/INFO]: [-] Jakomi1 hat den Server verlassen
[00:32:50] [Async Chat Thread - #152/INFO]: [S] <Korbi77> °^°
[00:32:56] [Server thread/INFO]: [S] Korbi77 has reached the goal [Mob Kabob]
[00:33:23] [Async Chat Thread - #151/INFO]: [S] <Korbi77> Ja
[00:35:25] [Server thread/INFO]: [S] Korbi77 has completed the challenge [Over-Overkill]
[00:35:28] [Server thread/INFO]: [S] Korbi77 fell from a high place
[00:35:32] [Async Chat Thread - #153/INFO]: [S] <Korbi77> Fuck
[00:35:40] [Async Chat Thread - #153/INFO]: [S] <Korbi77> Schere
[00:35:40] [Async Chat Thread - #153/INFO]: [S] <General_1_18> achso mit wind burst oder was
[00:35:44] [Async Chat Thread - #153/INFO]: [S] <Korbi77> Jup
[00:35:46] [Async Chat Thread - #153/INFO]: [S] <Korbi77> 3
[00:35:49] [Async Chat Thread - #153/INFO]: [S] <General_1_18> WOHER
[00:35:56] [Async Chat Thread - #153/INFO]: [S] <Jxel126> dungeon
[00:36:01] [Async Chat Thread - #153/INFO]: [S] <General_1_18> ja aber wind burst
[00:36:09] [Server thread/INFO]: [S] Korbi77 fell from a high place
[00:36:09] [Async Chat Thread - #153/INFO]: [S] <HalloJost> das ist immer drauf
[00:36:22] [Async Chat Thread - #153/INFO]: [S] <Korbi77> Hab auch nen lunge 5 speer
[00:36:31] [Async Chat Thread - #153/INFO]: [S] <General_1_18> ah ok aber craften tut man normal oder,WAIT WOHER LUNGE %
[00:36:35] [Async Chat Thread - #153/INFO]: [S] <General_1_18> *5
[00:36:49] [Async Chat Thread - #153/INFO]: [S] <HalloJost> ist auf dem speer
[00:36:50] [Async Chat Thread - #153/INFO]: [S] <Korbi77> Uns so 30 antike upgrades ^^
[00:36:57] [Async Chat Thread - #153/INFO]: [S] <HalloJost> Lunge V
[00:37:00] [Async Chat Thread - #153/INFO]: [S] <General_1_18> *und
[00:37:07] [Async Chat Thread - #153/INFO]: [S] <Korbi77> Und sharp 10
[00:37:13] [Async Chat Thread - #153/INFO]: [S] <General_1_18> WAS?
[00:38:36] [Server thread/INFO]: [S] Korbi77 was doomed to fall by Skeleton
[00:39:27] [Server thread/INFO]: [S] Korbi77 was doomed to fall by Skeleton
[00:39:30] [Server thread/INFO]: General_1_18 lost connection: Disconnected
[00:39:30] [Server thread/INFO]: [voicechat] Disconnecting client General_1_18
[00:39:30] [Server thread/INFO]: [-] General_1_18 hat den Server verlassen
[00:40:29] [Async Chat Thread - #155/INFO]: [O] <Jo_h_> wießt ihr was die warscheinlichkeiten für essenzen sind
[00:40:47] [Async Chat Thread - #155/INFO]: [S] <Jxel126> 1/100
[00:40:52] [Async Chat Thread - #155/INFO]: [S] <Korbi77> cap
[00:41:04] [Async Chat Thread - #155/INFO]: [S] <Korbi77> Hab 600 gekillt und keine einzige
[00:41:15] [Async Chat Thread - #155/INFO]: [O] <Jo_h_> same
[00:41:19] [Server thread/INFO]: [S] Korbi77 fell from a high place
[00:41:50] [Async Chat Thread - #155/INFO]: [S] <Jxel126> deshalb verkauf ich ja ;)
[00:41:57] [Async Chat Thread - #155/INFO]: [S] <Korbi77> shecke
[00:42:01] [Async Chat Thread - #155/INFO]: [O] <Jo_h_> was preis
[00:42:02] [Async Chat Thread - #155/INFO]: [S] <Korbi77> *checke
[00:42:02] [Async Chat Thread - #155/INFO]: [S] <Jxel126> yeee
[00:42:19] [Server thread/INFO]: [S] Korbi77 fell from a high place
[00:42:41] [Async Chat Thread - #155/INFO]: [S] <Korbi77> Jxel126 wrm sind eig bei euch fliegende armourstands in sky???
[00:42:55] [Server thread/INFO]: [S] Korbi77 fell from a high place
[00:42:57] [Async Chat Thread - #155/INFO]: [S] <Jxel126> für macen
[00:43:11] [Async Chat Thread - #155/INFO]: [S] <Korbi77> wie habt ihr die bekommen
[00:43:27] [Async Chat Thread - #155/INFO]: [S] <HalloJost> minecraft knowlage
[00:43:34] [Async Chat Thread - #155/INFO]: [S] <Jxel126> kp hat max gemacht
[00:43:37] [Async Chat Thread - #155/INFO]: [S] <Korbi77> F3 + F4?
[00:44:26] [Server thread/INFO]: [S] Korbi77 fell from a high place
[00:45:36] [Async Chat Thread - #157/INFO]: [S] <Jxel126> musst nd langsam schlafen hahaha
[00:45:41] [Async Chat Thread - #157/INFO]: [S] <Korbi77> jaja
[00:45:45] [Async Chat Thread - #157/INFO]: [S] <Korbi77> Schlafe schon
[00:45:50] [Async Chat Thread - #157/INFO]: [S] <Korbi77> Bin nur afk
[00:45:55] [Async Chat Thread - #157/INFO]: [S] <Korbi77> Mhhhh
[00:47:00] [Server thread/INFO]: [O] Jo_h_ was poked to death by a sweet berry bush
[00:47:06] [Async Chat Thread - #158/INFO]: [S] <Korbi77> ...
[00:47:10] [Async Chat Thread - #158/INFO]: [S] <Korbi77> Wie das?
[00:47:26] [Async Chat Thread - #157/INFO]: [O] <Jo_h_> dachte bist afk
[00:47:33] [Async Chat Thread - #157/INFO]: [S] <Korbi77> Bin ich ja
[00:47:40] [Async Chat Thread - #157/INFO]: [S] <Korbi77> Weiß nd was du hast
[00:47:54] [Async Chat Thread - #157/INFO]: [O] <Jo_h_> hab nach einer guten todesnachricht gesucht
[00:48:00] [Async Chat Thread - #157/INFO]: [S] <Korbi77> ok
[00:48:57] [Server thread/INFO]: [S] Korbi77 fell from a high place
[00:49:04] [Server thread/INFO]: [S] Korbi77 fell from a high place
[00:49:14] [Server thread/INFO]: [S] Korbi77 fell out of the world
[00:49:29] [Server thread/INFO]: [S] Korbi77 fell from a high place
[00:49:45] [Async Chat Thread - #159/INFO]: [S] <Korbi77> jost habt ihr eig schon den speer?
[00:49:45] [User Authenticator #46/INFO]: UUID of player DerMubbl is 584a42eb-e651-4d47-9bf4-a3186dd95851
[00:49:45] [Server thread/INFO]: 584a42eb-e651-4d47-9bf4-a3186dd95851
[00:49:45] [Server thread/INFO]: [VoiceServer] Permissions were successfully reloaded from config.yml.
[00:49:45] [Server thread/WARN]: [VoiceServer] Failed to remove permission attachment for DerMubbl: Given attachment is not part of Permissible object CraftPlayer{name=DerMubbl, uuid=584a42eb-e651-4d47-9bf4-a3186dd95851}
[00:49:45] [Server thread/INFO]: [+] DerMubbl hat den Server betreten
[00:49:45] [Server thread/INFO]: DerMubbl[/84.160.115.198:55260] logged in with entity id 2886209 at ([world]1.2683765306785977, 128.0, 9.966154039203671)
[00:49:45] [Server thread/INFO]: [voicechat] Received secret request of DerMubbl (20)
[00:49:45] [Server thread/INFO]: [voicechat] Sent secret to DerMubbl
[00:49:47] [VoiceChatPacketProcessingThread/INFO]: [voicechat] Successfully authenticated player 584a42eb-e651-4d47-9bf4-a3186dd95851
[00:49:48] [VoiceChatPacketProcessingThread/INFO]: [voicechat] Successfully validated connection of player 584a42eb-e651-4d47-9bf4-a3186dd95851
[00:49:48] [VoiceChatPacketProcessingThread/INFO]: [voicechat] Player DerMubbl (584a42eb-e651-4d47-9bf4-a3186dd95851) successfully connected to voice chat
[00:49:59] [Async Chat Thread - #160/INFO]: [S] <HalloJost> wir haben mehr als 1
[00:49:59] [Server thread/INFO]: Jo_h_ lost connection: Disconnected
[00:49:59] [Server thread/INFO]: [voicechat] Disconnecting client Jo_h_
[00:49:59] [Server thread/INFO]: [-] Jo_h_ hat den Server verlassen
[00:50:13] [Async Chat Thread - #160/INFO]: [S] <HalloJost> aber könntest du aufhören unsere base zu greefen
[00:50:14] [Server thread/INFO]: DerMubbl lost connection: Disconnected
[00:50:14] [Server thread/INFO]: [voicechat] Disconnecting client DerMubbl
[00:50:14] [Server thread/INFO]: [-] DerMubbl hat den Server verlassen
[00:50:16] [Server thread/INFO]: [S] Korbi77 fell out of the world
[00:50:22] [Async Chat Thread - #160/INFO]: [S] <Korbi77> "unsere"
[00:50:28] [Async Chat Thread - #160/INFO]: [S] <HalloJost> ja
[00:50:28] [Async Chat Thread - #160/INFO]: [S] <Korbi77> dachte du bist stone
[00:50:30] [Async Chat Thread - #160/INFO]: [S] <HalloJost> ja
[00:50:35] [Async Chat Thread - #160/INFO]: [S] <Korbi77> Jaaa
[00:50:35] [Async Chat Thread - #160/INFO]: [S] <HalloJost> wohne aktuell hier
[00:50:39] [Async Chat Thread - #160/INFO]: [S] <Korbi77> Merkste was
[00:53:13] [Server thread/INFO]: [S] Korbi77 fell from a high place
[00:54:46] [Server thread/INFO]: [S] Korbi77 fell out of the world
[00:54:56] [Server thread/INFO]: [S] Korbi77 fell out of the world
[00:55:44] [Server thread/INFO]: [S] Korbi77 fell out of the world
[00:55:55] [Server thread/INFO]: [S] Korbi77 fell from a high place
[00:58:44] [Server thread/INFO]: [S] Korbi77 fell out of the world
[00:58:55] [Async Chat Thread - #161/INFO]: [S] <Korbi77> Was isn in void los
[00:58:56] [Async Chat Thread - #161/INFO]: [S] <Korbi77> tf
[01:01:39] [Server thread/INFO]: [S] Korbi77 fell from a high place
[01:05:49] [Server thread/INFO]: [S] Korbi77 was doomed to fall by Zombie
[01:10:51] [Server thread/INFO]: [S] Korbi77 fell from a high place
[01:11:18] [Server thread/INFO]: [S] Korbi77 fell from a high place
[01:11:38] [Server thread/INFO]: [S] Korbi77 fell from a high place
[01:14:04] [Region Ticking-4/INFO]: [S] Korbi77 was shot by Skeleton
[01:14:26] [Server thread/INFO]: [S] Korbi77 fell from a high place
[01:16:18] [Server thread/INFO]: [S] Korbi77 fell out of the world
[01:28:42] [Server thread/INFO]: [S] Korbi77 fell from a high place
[01:38:59] [Server thread/INFO]: [S] HalloJost withered away
[01:45:39] [world_crystalblock_sky - ServerLevel Tick Worker/WARN]: [ca.spottedleaf.moonrise.patches.chunk_system.level.entity.EntityLookup] Entity uuid already exists: d3c2ab85-3368-4671-a2ec-9727c3e1ab3c, mapped to ItemEntity['Cobblestone'/3004353, uuid='d3c2ab85-3368-4671-a2ec-9727c3e1ab3c', l='ServerLevel[world_crystalblock_sky]', x=-3.50, y=74.68, z=2.50, cpos=[-1, 0], tl=0, v=true], can't add ItemEntity['Cobblestone'/3004358, uuid='d3c2ab85-3368-4671-a2ec-9727c3e1ab3c', l='ServerLevel[world_crystalblock_sky]', x=-0.50, y=74.68, z=2.50, cpos=[-1, 0], tl=0, v=false]
[01:56:23] [Server thread/INFO]: HalloJost lost connection: Disconnected
[01:56:23] [Server thread/INFO]: [voicechat] Disconnecting client HalloJost
[01:56:23] [Server thread/INFO]: [-] HalloJost hat den Server verlassen
[01:56:33] [Server thread/INFO]: Jxel126 lost connection: Disconnected
[01:56:33] [Server thread/INFO]: [voicechat] Disconnecting client Jxel126
[01:56:33] [Server thread/INFO]: [-] Jxel126 hat den Server verlassen
[02:26:51] [VoiceChatPacketProcessingThread/INFO]: [voicechat] Player e1d809e4-5e84-426e-92a9-e58f0f15c5ca timed out
[02:26:51] [VoiceChatPacketProcessingThread/INFO]: [voicechat] Reconnecting player Korbi77
[02:26:51] [VoiceChatPacketProcessingThread/INFO]: [voicechat] Sent secret to Korbi77
[02:26:52] [User Authenticator #47/INFO]: UUID of player Korbi77 is e1d809e4-5e84-426e-92a9-e58f0f15c5ca
[02:26:52] [Server thread/INFO]: Korbi77 lost connection: You logged in from another location
[02:26:52] [Server thread/INFO]: [voicechat] Disconnecting client Korbi77
[02:26:52] [Server thread/INFO]: [-] Korbi77 hat den Server verlassen
[02:26:52] [Server thread/INFO]: e1d809e4-5e84-426e-92a9-e58f0f15c5ca
[02:26:52] [Server thread/INFO]: [VoiceServer] Permissions were successfully reloaded from config.yml.
[02:26:52] [Server thread/WARN]: [VoiceServer] Failed to remove permission attachment for Korbi77: Given attachment is not part of Permissible object CraftPlayer{name=Korbi77, uuid=e1d809e4-5e84-426e-92a9-e58f0f15c5ca}
[02:26:52] [Server thread/INFO]: [+] Korbi77 hat den Server betreten
[02:26:52] [Server thread/INFO]: Korbi77[/87.167.35.90:59334] logged in with entity id 3018957 at ([world_crystalblock_stone]-6.3973133115544085, 83.0, -9.018843179343655)
[02:26:52] [Server thread/INFO]: [voicechat] Received secret request of Korbi77 (20)
[02:26:52] [Server thread/INFO]: [voicechat] Sent secret to Korbi77
[02:26:52] [VoiceChatPacketProcessingThread/INFO]: [voicechat] Successfully authenticated player e1d809e4-5e84-426e-92a9-e58f0f15c5ca
[02:26:53] [VoiceChatPacketProcessingThread/INFO]: [voicechat] Successfully validated connection of player e1d809e4-5e84-426e-92a9-e58f0f15c5ca
[02:26:53] [VoiceChatPacketProcessingThread/INFO]: [voicechat] Player Korbi77 (e1d809e4-5e84-426e-92a9-e58f0f15c5ca) successfully connected to voice chat
[02:38:28] [Server thread/INFO]: [S] Korbi77 fell from a high place
[02:39:39] [Server thread/INFO]: [S] Korbi77 fell out of the world
[02:42:28] [Server thread/INFO]: [S] Korbi77 fell from a high place
[02:44:31] [Server thread/INFO]: [S] Korbi77 fell from a high place
[02:51:20] [Server thread/INFO]: [S] Korbi77 fell from a high place
[02:59:13] [Server thread/INFO]: [S] Korbi77 fell from a high place
[02:59:56] [Server thread/INFO]: [S] Korbi77 fell from a high place
[03:00:54] [Server thread/INFO]: [S] Korbi77 fell from a high place
[03:01:24] [Server thread/INFO]: [S] Korbi77 fell from a high place
[03:08:56] [Server thread/INFO]: [S] Korbi77 fell from a high place
[03:11:15] [Server thread/INFO]: [S] Korbi77 was doomed to fall by Skeleton
[03:11:36] [Region Ticking-3/INFO]: [S] Korbi77 was shot by Skeleton
[03:12:10] [Server thread/INFO]: [S] Korbi77 was doomed to fall by Skeleton
[03:21:06] [Server thread/INFO]: [S] Korbi77 fell from a high place
[03:21:30] [Server thread/INFO]: [S] Korbi77 fell from a high place
[03:21:40] [Server thread/INFO]: [S] Korbi77 fell from a high place
[03:21:52] [Server thread/INFO]: [S] Korbi77 fell from a high place
[03:22:26] [Server thread/INFO]: [S] Korbi77 fell out of the world
[03:22:56] [Server thread/INFO]: [S] Korbi77 fell from a high place
[03:31:49] [Server thread/INFO]: Korbi77 lost connection: Disconnected
[03:31:49] [Server thread/INFO]: [voicechat] Disconnecting client Korbi77
[03:31:49] [Server thread/INFO]: [-] Korbi77 hat den Server verlassen
[05:35:32] [User Authenticator #48/INFO]: UUID of player KabeljauNation is e31223eb-eac8-434f-84ee-08407e49261d
[05:35:32] [Server thread/INFO]: e31223eb-eac8-434f-84ee-08407e49261d
[05:35:32] [Server thread/INFO]: [VoiceServer] Permissions were successfully reloaded from config.yml.
[05:35:32] [Server thread/WARN]: [VoiceServer] Failed to remove permission attachment for KabeljauNation: Given attachment is not part of Permissible object CraftPlayer{name=KabeljauNation, uuid=e31223eb-eac8-434f-84ee-08407e49261d}
[05:35:32] [Server thread/INFO]: [+] KabeljauNation hat den Server betreten
[05:35:32] [Server thread/INFO]: KabeljauNation[/155.133.217.224:61654] logged in with entity id 3024765 at ([world_crystalblock_ocean]-18.642719568495103, -61.125, -24.014153408580203)
[05:35:33] [Server thread/INFO]: [voicechat] Received secret request of KabeljauNation (20)
[05:35:33] [Server thread/INFO]: [voicechat] Sent secret to KabeljauNation
[05:35:33] [VoiceChatPacketProcessingThread/INFO]: [voicechat] Successfully authenticated player e31223eb-eac8-434f-84ee-08407e49261d
[05:35:34] [VoiceChatPacketProcessingThread/INFO]: [voicechat] Successfully validated connection of player e31223eb-eac8-434f-84ee-08407e49261d
[05:35:34] [VoiceChatPacketProcessingThread/INFO]: [voicechat] Player KabeljauNation (e31223eb-eac8-434f-84ee-08407e49261d) successfully connected to voice chat
[05:46:56] [User Authenticator #49/INFO]: UUID of player FahrradShulker is 64cb482a-36c1-41f6-af59-5b304c576c32
[05:46:57] [Server thread/INFO]: 64cb482a-36c1-41f6-af59-5b304c576c32
[05:46:58] [Server thread/INFO]: [VoiceServer] Permissions were successfully reloaded from config.yml.
[05:46:58] [Server thread/WARN]: [VoiceServer] Failed to remove permission attachment for FahrradShulker: Given attachment is not part of Permissible object CraftPlayer{name=FahrradShulker, uuid=64cb482a-36c1-41f6-af59-5b304c576c32}
[05:46:58] [Server thread/INFO]: [+] FahrradShulker hat den Server betreten
[05:46:58] [Server thread/INFO]: FahrradShulker[/93.128.164.6:59890] logged in with entity id 3037600 at ([world_crystalblock_ocean]-27.179262230269327, -61.0, -3.9127967479315613)
[05:46:59] [Server thread/INFO]: [voicechat] Received secret request of FahrradShulker (20)
[05:46:59] [Server thread/INFO]: [voicechat] Sent secret to FahrradShulker
[05:47:00] [VoiceChatPacketProcessingThread/INFO]: [voicechat] Successfully authenticated player 64cb482a-36c1-41f6-af59-5b304c576c32
[05:47:01] [VoiceChatPacketProcessingThread/INFO]: [voicechat] Successfully validated connection of player 64cb482a-36c1-41f6-af59-5b304c576c32
[05:47:01] [VoiceChatPacketProcessingThread/INFO]: [voicechat] Player FahrradShulker (64cb482a-36c1-41f6-af59-5b304c576c32) successfully connected to voice chat
[05:55:01] [Async Chat Thread - #178/INFO]: [O] <KabeljauNation> braucchste Axt?
[06:00:10] [Server thread/INFO]: Stopping the server
[06:00:10] [Server thread/INFO]: Stopping server
[06:00:10] [Server thread/INFO]: [PurpurExtras] Disabling PurpurExtras v1.37.1
[06:00:10] [Server thread/INFO]: [VoiceServer] Disabling VoiceServer v1.3.0
[06:00:10] [Server thread/INFO]: [BetterBan] Disabling BetterBan v1.2.0
[06:00:10] [Server thread/INFO]: [CoreProtect] Disabling CoreProtect v23.1
[06:00:10] [Server thread/INFO]: [CoreProtect] Finishing up data logging. Please wait...
[06:00:11] [Server thread/INFO]: [CoreProtect] Success! Disabled CoreProtect v23.1
[06:00:11] [Server thread/INFO]: [Crystalblock2] Disabling Crystalblock2 v1.0.0
[06:00:11] [Server thread/INFO]: [Crystalblock2] Datenbank getrennt.
[06:00:11] [Server thread/INFO]: [GSit] Disabling GSit v3.3.1
[06:00:11] [Server thread/INFO]: [GSit] The plugin was successfully disabled.
[06:00:11] [Server thread/INFO]: [InvSee++] Disabling InvSeePlusPlus v0.30.15
[06:00:11] [Server thread/INFO]: [voicechat] Disabling voicechat v2.6.11
[06:00:11] [Server thread/INFO]: Saving players
[06:00:11] [Server thread/INFO]: KabeljauNation lost connection: Server closed
[06:00:11] [Server thread/INFO]: KabeljauNation left the game
[06:00:11] [Server thread/INFO]: FahrradShulker lost connection: Server closed
[06:00:11] [Server thread/INFO]: FahrradShulker left the game
[06:00:11] [Server thread/INFO]: Saving worlds
[06:00:11] [Server thread/INFO]: Saving chunks for level 'ServerLevel[world]'/minecraft:overworld
[06:00:11] [Server thread/INFO]: [ChunkHolderManager] Waiting 60s for chunk system to halt for world 'world'
[06:00:11] [Server thread/INFO]: [ChunkHolderManager] Halted chunk system for world 'world'
[06:00:11] [Server thread/INFO]: [ChunkHolderManager] Saving all chunkholders for world 'world'
[06:00:11] [Server thread/INFO]: [ChunkHolderManager] Saved 156 block chunks, 12 entity chunks, 0 poi chunks in world 'world' in 0.05s
[06:00:11] [Server thread/INFO]: [ChunkHolderManager] Waiting 60s for chunk I/O to halt for world 'world'
[06:00:11] [Server thread/INFO]: [ChunkHolderManager] Halted I/O scheduler for world 'world'
[06:00:11] [Server thread/INFO]: Saving chunks for level 'ServerLevel[world_crystalblock_bossroom]'/crystalblock:bossroom
[06:00:11] [Server thread/INFO]: [ChunkHolderManager] Waiting 60s for chunk system to halt for world 'world_crystalblock_bossroom'
[06:00:11] [Server thread/INFO]: [ChunkHolderManager] Halted chunk system for world 'world_crystalblock_bossroom'
[06:00:11] [Server thread/INFO]: [ChunkHolderManager] Saving all chunkholders for world 'world_crystalblock_bossroom'
[06:00:11] [Server thread/INFO]: [ChunkHolderManager] Saved 0 block chunks, 1 entity chunks, 0 poi chunks in world 'world_crystalblock_bossroom' in 0.01s
[06:00:11] [Server thread/INFO]: [ChunkHolderManager] Waiting 60s for chunk I/O to halt for world 'world_crystalblock_bossroom'
[06:00:11] [Server thread/INFO]: [ChunkHolderManager] Halted I/O scheduler for world 'world_crystalblock_bossroom'
[06:00:11] [Server thread/INFO]: Saving chunks for level 'ServerLevel[world_crystalblock_nether]'/crystalblock:nether
[06:00:11] [Server thread/INFO]: [ChunkHolderManager] Waiting 60s for chunk system to halt for world 'world_crystalblock_nether'
[06:00:11] [Server thread/INFO]: [ChunkHolderManager] Halted chunk system for world 'world_crystalblock_nether'
[06:00:11] [Server thread/INFO]: [ChunkHolderManager] Saving all chunkholders for world 'world_crystalblock_nether'
[06:00:11] [Server thread/INFO]: [ChunkHolderManager] Saved 1 block chunks, 133 entity chunks, 0 poi chunks in world 'world_crystalblock_nether' in 0.04s
[06:00:11] [Server thread/INFO]: [ChunkHolderManager] Waiting 60s for chunk I/O to halt for world 'world_crystalblock_nether'
[06:00:11] [Server thread/INFO]: [ChunkHolderManager] Halted I/O scheduler for world 'world_crystalblock_nether'
[06:00:11] [Server thread/INFO]: Saving chunks for level 'ServerLevel[world_preset_preset]'/preset:preset
[06:00:11] [Server thread/INFO]: [ChunkHolderManager] Waiting 60s for chunk system to halt for world 'world_preset_preset'
[06:00:11] [Server thread/INFO]: [ChunkHolderManager] Halted chunk system for world 'world_preset_preset'
[06:00:11] [Server thread/INFO]: [ChunkHolderManager] Saving all chunkholders for world 'world_preset_preset'
[06:00:11] [Server thread/INFO]: [ChunkHolderManager] Saved 0 block chunks, 0 entity chunks, 0 poi chunks in world 'world_preset_preset' in 0.00s
[06:00:11] [Server thread/INFO]: [ChunkHolderManager] Waiting 60s for chunk I/O to halt for world 'world_preset_preset'
[06:00:11] [Server thread/INFO]: [ChunkHolderManager] Halted I/O scheduler for world 'world_preset_preset'
[06:00:11] [Server thread/INFO]: Saving chunks for level 'ServerLevel[world_crystalblock_sky]'/crystalblock:sky
[06:00:11] [Server thread/INFO]: [ChunkHolderManager] Waiting 60s for chunk system to halt for world 'world_crystalblock_sky'
[06:00:11] [Server thread/INFO]: [ChunkHolderManager] Halted chunk system for world 'world_crystalblock_sky'
[06:00:11] [Server thread/INFO]: [ChunkHolderManager] Saving all chunkholders for world 'world_crystalblock_sky'
[06:00:11] [Server thread/INFO]: [ChunkHolderManager] Saved 13 block chunks, 40 entity chunks, 0 poi chunks in world 'world_crystalblock_sky' in 0.08s
[06:00:11] [Server thread/INFO]: [ChunkHolderManager] Waiting 60s for chunk I/O to halt for world 'world_crystalblock_sky'
[06:00:11] [Server thread/INFO]: [ChunkHolderManager] Halted I/O scheduler for world 'world_crystalblock_sky'
[06:00:12] [Server thread/INFO]: Saving chunks for level 'ServerLevel[world_crystalblock_aetheria]'/crystalblock:aetheria
[06:00:12] [Server thread/INFO]: [ChunkHolderManager] Waiting 60s for chunk system to halt for world 'world_crystalblock_aetheria'
[06:00:12] [Server thread/INFO]: [ChunkHolderManager] Halted chunk system for world 'world_crystalblock_aetheria'
[06:00:12] [Server thread/INFO]: [ChunkHolderManager] Saving all chunkholders for world 'world_crystalblock_aetheria'
[06:00:12] [Server thread/INFO]: [ChunkHolderManager] Saved 3 block chunks, 165 entity chunks, 0 poi chunks in world 'world_crystalblock_aetheria' in 0.06s
[06:00:12] [Server thread/INFO]: [ChunkHolderManager] Waiting 60s for chunk I/O to halt for world 'world_crystalblock_aetheria'
[06:00:12] [Server thread/INFO]: [ChunkHolderManager] Halted I/O scheduler for world 'world_crystalblock_aetheria'
[06:00:12] [Server thread/INFO]: Saving chunks for level 'ServerLevel[world_crystalblock_stone]'/crystalblock:stone
[06:00:12] [Server thread/INFO]: [ChunkHolderManager] Waiting 60s for chunk system to halt for world 'world_crystalblock_stone'
[06:00:12] [Server thread/INFO]: [ChunkHolderManager] Halted chunk system for world 'world_crystalblock_stone'
[06:00:12] [Server thread/INFO]: [ChunkHolderManager] Saving all chunkholders for world 'world_crystalblock_stone'
[06:00:12] [Server thread/INFO]: [ChunkHolderManager] Saved 0 block chunks, 23 entity chunks, 0 poi chunks in world 'world_crystalblock_stone' in 0.02s
[06:00:12] [Server thread/INFO]: [ChunkHolderManager] Waiting 60s for chunk I/O to halt for world 'world_crystalblock_stone'
[06:00:12] [Server thread/INFO]: [ChunkHolderManager] Halted I/O scheduler for world 'world_crystalblock_stone'
[06:00:12] [Server thread/INFO]: Saving chunks for level 'ServerLevel[world_crystalblock_void]'/crystalblock:void
[06:00:12] [Server thread/INFO]: [ChunkHolderManager] Waiting 60s for chunk system to halt for world 'world_crystalblock_void'
[06:00:12] [Server thread/INFO]: [ChunkHolderManager] Halted chunk system for world 'world_crystalblock_void'
[06:00:12] [Server thread/INFO]: [ChunkHolderManager] Saving all chunkholders for world 'world_crystalblock_void'
[06:00:12] [Server thread/INFO]: [ChunkHolderManager] Saved 24 block chunks, 20 entity chunks, 0 poi chunks in world 'world_crystalblock_void' in 0.03s
[06:00:12] [Server thread/INFO]: [ChunkHolderManager] Waiting 60s for chunk I/O to halt for world 'world_crystalblock_void'
[06:00:12] [Server thread/INFO]: [ChunkHolderManager] Halted I/O scheduler for world 'world_crystalblock_void'
[06:00:12] [Server thread/INFO]: Saving chunks for level 'ServerLevel[world_crystalblock_ocean]'/crystalblock:ocean
[06:00:12] [Server thread/INFO]: [ChunkHolderManager] Waiting 60s for chunk system to halt for world 'world_crystalblock_ocean'
[06:00:12] [Server thread/INFO]: [ChunkHolderManager] Halted chunk system for world 'world_crystalblock_ocean'
[06:00:12] [Server thread/INFO]: [ChunkHolderManager] Saving all chunkholders for world 'world_crystalblock_ocean'
[06:00:12] [Server thread/INFO]: [ChunkHolderManager] Saved 16 block chunks, 25 entity chunks, 0 poi chunks in world 'world_crystalblock_ocean' in 0.05s
[06:00:12] [Server thread/INFO]: [ChunkHolderManager] Waiting 60s for chunk I/O to halt for world 'world_crystalblock_ocean'
[06:00:12] [Server thread/INFO]: [ChunkHolderManager] Halted I/O scheduler for world 'world_crystalblock_ocean'
[06:00:12] [Server thread/INFO]: ThreadedChunkStorage (world): All chunks are saved
[06:00:12] [Server thread/INFO]: ThreadedChunkStorage (bossroom): All chunks are saved
[06:00:12] [Server thread/INFO]: ThreadedChunkStorage (nether): All chunks are saved
[06:00:12] [Server thread/INFO]: ThreadedChunkStorage (preset): All chunks are saved
[06:00:12] [Server thread/INFO]: ThreadedChunkStorage (sky): All chunks are saved
[06:00:12] [Server thread/INFO]: ThreadedChunkStorage (aetheria): All chunks are saved
[06:00:12] [Server thread/INFO]: ThreadedChunkStorage (stone): All chunks are saved
[06:00:12] [Server thread/INFO]: ThreadedChunkStorage (void): All chunks are saved
[06:00:12] [Server thread/INFO]: ThreadedChunkStorage (ocean): All chunks are saved
[06:00:12] [Server thread/INFO]: ThreadedChunkStorage: All dimensions are saved
[06:00:12] [Server thread/INFO]: Waiting for all RegionFile I/O tasks to complete...
[06:00:12] [Server thread/INFO]: All RegionFile I/O tasks to complete
[06:00:12] [Server thread/INFO]: [MoonriseCommon] Awaiting termination of worker pool for up to 60s...
[06:00:12] [Server thread/INFO]: [MoonriseCommon] Awaiting termination of I/O pool for up to 60s...
[06:00:12] [Server thread/INFO]: [ExecutorShutdown] Shutting down mob spawn executor...
[06:00:12] [Server thread/INFO]: [ExecutorShutdown] Shutting down async chunk send executor...
[06:00:12] [Server thread/INFO]: [ExecutorShutdown] Shutting down mob tracker executor...
[06:00:12] [Server thread/INFO]: [ExecutorShutdown] Shutting down mob pathfinding processing executor...
